#
# There is insufficient memory for the Java Runtime Environment to continue.
# Native memory allocation (malloc) failed to allocate 1029968 bytes. Error detail: Chunk::new
# Possible reasons:
#   The system is out of physical RAM or swap space
#   This process is running with CompressedOops enabled, and the Java Heap may be blocking the growth of the native heap
# Possible solutions:
#   Reduce memory load on the system
#   Increase physical memory or swap space
#   Check if swap backing store is full
#   Decrease Java heap size (-Xmx/-Xms)
#   Decrease number of Java threads
#   Decrease Java thread stack sizes (-Xss)
#   Set larger code cache with -XX:ReservedCodeCacheSize=
#   JVM is running with Unscaled Compressed Oops mode in which the Java heap is
#     placed in the first 4GB address space. The Java Heap base address is the
#     maximum limit for the native heap growth. Please use -XX:HeapBaseMinAddress
#     to set the Java Heap base and to place the Java Heap above 4GB virtual address.
# This output file may be truncated or incomplete.
#
#  Out of Memory Error (arena.cpp:168), pid=21648, tid=20688
#
# JRE version: OpenJDK Runtime Environment (21.0.7) (build 21.0.7+-13880790-b1038.58)
# Java VM: OpenJDK 64-Bit Server VM (21.0.7+-13880790-b1038.58, mixed mode, tiered, compressed oops, compressed class ptrs, g1 gc, windows-amd64)
# No core dump will be written. Minidumps are not enabled by default on client versions of Windows
#

---------------  S U M M A R Y ------------

Command Line: org.jetbrains.kotlin.cli.jvm.K2JVMCompiler @C:\Android_Apps\Jetpackdemo\app\build\20260225_15969111063614128273.compiler.options

Host: Intel(R) Core(TM) i5-8350U CPU @ 1.70GHz, 8 cores, 7G,  Windows 10 , 64 bit Build 19041 (10.0.19041.5915)
Time: Wed Feb 25 13:23:52 2026 India Standard Time elapsed time: 12.632907 seconds (0d 0h 0m 12s)

---------------  T H R E A D  ---------------

Current thread (0x0000022d150c61a0):  JavaThread "C2 CompilerThread1" daemon [_thread_in_native, id=20688, stack(0x0000005720600000,0x0000005720700000) (1024K)]


Current CompileTask:
C2:12633 10865       4       org.jetbrains.org.objectweb.asm.ClassReader::readMethod (1061 bytes)

Stack: [0x0000005720600000,0x0000005720700000]
Native frames: (J=compiled Java code, j=interpreted, Vv=VM code, C=native code)
V  [jvm.dll+0x6d25c9]
V  [jvm.dll+0x860923]
V  [jvm.dll+0x862e7e]
V  [jvm.dll+0x863563]
V  [jvm.dll+0x27f156]
V  [jvm.dll+0xc002d]
V  [jvm.dll+0xc0563]
V  [jvm.dll+0x3b6d3b]
V  [jvm.dll+0x1de734]
V  [jvm.dll+0x247fc4]
V  [jvm.dll+0x247441]
V  [jvm.dll+0x1c5fb4]
V  [jvm.dll+0x256bac]
V  [jvm.dll+0x2550f6]
V  [jvm.dll+0x3f1d16]
V  [jvm.dll+0x808d08]
V  [jvm.dll+0x6d0e1d]
C  [ucrtbase.dll+0x21bb2]
C  [KERNEL32.DLL+0x17374]
C  [ntdll.dll+0x4cc91]


---------------  P R O C E S S  ---------------

Threads class SMR info:
_java_thread_list=0x0000022d13d94920, length=12, elements={
0x0000022d76706b70, 0x0000022d7eee1f40, 0x0000022d7eeeb8f0, 0x0000022d7eeec350,
0x0000022d7eeed150, 0x0000022d7ef0f060, 0x0000022d7ef0fac0, 0x0000022d7ef10520,
0x0000022d7ef06740, 0x0000022d7ef1a8a0, 0x0000022d7f0a9580, 0x0000022d150c61a0
}

Java Threads: ( => current thread )
  0x0000022d76706b70 JavaThread "main"                              [_thread_in_Java, id=3208, stack(0x000000571f400000,0x000000571f500000) (1024K)]
  0x0000022d7eee1f40 JavaThread "Common-Cleaner"             daemon [_thread_blocked, id=19984, stack(0x000000571fc00000,0x000000571fd00000) (1024K)]
  0x0000022d7eeeb8f0 JavaThread "Reference Handler"          daemon [_thread_blocked, id=5100, stack(0x000000571fd00000,0x000000571fe00000) (1024K)]
  0x0000022d7eeec350 JavaThread "Finalizer"                  daemon [_thread_blocked, id=1364, stack(0x000000571fe00000,0x000000571ff00000) (1024K)]
  0x0000022d7eeed150 JavaThread "Signal Dispatcher"          daemon [_thread_blocked, id=19760, stack(0x000000571ff00000,0x0000005720000000) (1024K)]
  0x0000022d7ef0f060 JavaThread "Attach Listener"            daemon [_thread_blocked, id=14220, stack(0x0000005720000000,0x0000005720100000) (1024K)]
  0x0000022d7ef0fac0 JavaThread "Service Thread"             daemon [_thread_blocked, id=11640, stack(0x0000005720100000,0x0000005720200000) (1024K)]
  0x0000022d7ef10520 JavaThread "Monitor Deflation Thread"   daemon [_thread_blocked, id=17092, stack(0x0000005720200000,0x0000005720300000) (1024K)]
  0x0000022d7ef06740 JavaThread "C2 CompilerThread0"         daemon [_thread_in_native, id=10644, stack(0x0000005720300000,0x0000005720400000) (1024K)]
  0x0000022d7ef1a8a0 JavaThread "C1 CompilerThread0"         daemon [_thread_in_native, id=12056, stack(0x0000005720400000,0x0000005720500000) (1024K)]
  0x0000022d7f0a9580 JavaThread "Notification Thread"        daemon [_thread_blocked, id=16632, stack(0x0000005720500000,0x0000005720600000) (1024K)]
=>0x0000022d150c61a0 JavaThread "C2 CompilerThread1"         daemon [_thread_in_native, id=20688, stack(0x0000005720600000,0x0000005720700000) (1024K)]
Total: 12

Other Threads:
  0x0000022d7ed32f00 VMThread "VM Thread"                           [id=18308, stack(0x000000571fb00000,0x000000571fc00000) (1024K)]
  0x0000022d7ecd1510 WatcherThread "VM Periodic Task Thread"        [id=16240, stack(0x000000571fa00000,0x000000571fb00000) (1024K)]
  0x0000022d76760b60 WorkerThread "GC Thread#0"                     [id=10808, stack(0x000000571f500000,0x000000571f600000) (1024K)]
  0x0000022d7f6eae30 WorkerThread "GC Thread#1"                     [id=15868, stack(0x0000005720700000,0x0000005720800000) (1024K)]
  0x0000022d7f6eb1d0 WorkerThread "GC Thread#2"                     [id=16004, stack(0x0000005720800000,0x0000005720900000) (1024K)]
  0x0000022d7f7c1e40 WorkerThread "GC Thread#3"                     [id=14200, stack(0x0000005720900000,0x0000005720a00000) (1024K)]
  0x0000022d7f7fc670 WorkerThread "GC Thread#4"                     [id=3052, stack(0x0000005720a00000,0x0000005720b00000) (1024K)]
  0x0000022d7f993400 WorkerThread "GC Thread#5"                     [id=12272, stack(0x0000005720b00000,0x0000005720c00000) (1024K)]
  0x0000022d136496d0 WorkerThread "GC Thread#6"                     [id=3220, stack(0x0000005720c00000,0x0000005720d00000) (1024K)]
  0x0000022d13649a70 WorkerThread "GC Thread#7"                     [id=9880, stack(0x0000005720d00000,0x0000005720e00000) (1024K)]
  0x0000022d76772f60 ConcurrentGCThread "G1 Main Marker"            [id=18548, stack(0x000000571f600000,0x000000571f700000) (1024K)]
  0x0000022d76774110 WorkerThread "G1 Conc#0"                       [id=5848, stack(0x000000571f700000,0x000000571f800000) (1024K)]
  0x0000022d136479d0 WorkerThread "G1 Conc#1"                       [id=19580, stack(0x0000005720e00000,0x0000005720f00000) (1024K)]
  0x0000022d767de6b0 ConcurrentGCThread "G1 Refine#0"               [id=16808, stack(0x000000571f800000,0x000000571f900000) (1024K)]
  0x0000022d7eba2230 ConcurrentGCThread "G1 Service"                [id=2812, stack(0x000000571f900000,0x000000571fa00000) (1024K)]
Total: 15

Threads with active compile tasks:
C2 CompilerThread0  12678 11078   !   4       org.jetbrains.kotlin.metadata.ProtoBuf$Property::<init> (1283 bytes)
C1 CompilerThread0  12678 11087       3       org.jetbrains.kotlin.resolve.calls.checkers.ConstructorHeaderCallChecker::check (322 bytes)
C2 CompilerThread1  12678 10865       4       org.jetbrains.org.objectweb.asm.ClassReader::readMethod (1061 bytes)
Total: 3

VM state: not at safepoint (normal execution)

VM Mutex/Monitor currently owned by a thread: None

Heap address: 0x0000000082400000, size: 2012 MB, Compressed Oops mode: 32-bit

CDS archive(s) not mapped
Compressed class space mapped at: 0x0000000100000000-0x0000000140000000, reserved size: 1073741824
Narrow klass base: 0x0000000000000000, Narrow klass shift: 3, Narrow klass range: 0x140000000

GC Precious Log:
 CardTable entry size: 512
 Card Set container configuration: InlinePtr #cards 5 size 8 Array Of Cards #cards 12 size 40 Howl #buckets 4 coarsen threshold 1843 Howl Bitmap #cards 512 size 80 coarsen threshold 460 Card regions per heap region 1 cards per card region 2048
 CPUs: 8 total, 8 available
 Memory: 8046M
 Large Page Support: Disabled
 NUMA Support: Disabled
 Compressed Oops: Enabled (32-bit)
 Heap Region Size: 1M
 Heap Min Capacity: 8M
 Heap Initial Capacity: 126M
 Heap Max Capacity: 2012M
 Pre-touch: Disabled
 Parallel Workers: 8
 Concurrent Workers: 2
 Concurrent Refinement Workers: 8
 Periodic GC: Disabled

Heap:
 garbage-first heap   total 169984K, used 128432K [0x0000000082400000, 0x0000000100000000)
  region size 1024K, 54 young (55296K), 4 survivors (4096K)
 Metaspace       used 66235K, committed 67008K, reserved 1114112K
  class space    used 7547K, committed 7936K, reserved 1048576K

Heap Regions: E=young(eden), S=young(survivor), O=old, HS=humongous(starts), HC=humongous(continues), CS=collection set, F=free, TAMS=top-at-mark-start, PB=parsable bottom
|   0|0x0000000082400000, 0x0000000082500000, 0x0000000082500000|100%|HS|  |TAMS 0x0000000082400000| PB 0x0000000082400000| Complete 
|   1|0x0000000082500000, 0x0000000082600000, 0x0000000082600000|100%|HC|  |TAMS 0x0000000082500000| PB 0x0000000082500000| Complete 
|   2|0x0000000082600000, 0x0000000082700000, 0x0000000082700000|100%|HC|  |TAMS 0x0000000082600000| PB 0x0000000082600000| Complete 
|   3|0x0000000082700000, 0x0000000082800000, 0x0000000082800000|100%|HC|  |TAMS 0x0000000082700000| PB 0x0000000082700000| Complete 
|   4|0x0000000082800000, 0x0000000082900000, 0x0000000082900000|100%| O|  |TAMS 0x0000000082800000| PB 0x0000000082800000| Untracked 
|   5|0x0000000082900000, 0x0000000082a00000, 0x0000000082a00000|100%| O|  |TAMS 0x0000000082900000| PB 0x0000000082900000| Untracked 
|   6|0x0000000082a00000, 0x0000000082b00000, 0x0000000082b00000|100%| O|  |TAMS 0x0000000082a00000| PB 0x0000000082a00000| Untracked 
|   7|0x0000000082b00000, 0x0000000082c00000, 0x0000000082c00000|100%| O|  |TAMS 0x0000000082b00000| PB 0x0000000082b00000| Untracked 
|   8|0x0000000082c00000, 0x0000000082d00000, 0x0000000082d00000|100%| O|  |TAMS 0x0000000082c00000| PB 0x0000000082c00000| Untracked 
|   9|0x0000000082d00000, 0x0000000082e00000, 0x0000000082e00000|100%| O|  |TAMS 0x0000000082d00000| PB 0x0000000082d00000| Untracked 
|  10|0x0000000082e00000, 0x0000000082f00000, 0x0000000082f00000|100%| O|  |TAMS 0x0000000082e00000| PB 0x0000000082e00000| Untracked 
|  11|0x0000000082f00000, 0x0000000083000000, 0x0000000083000000|100%| O|  |TAMS 0x0000000082f00000| PB 0x0000000082f00000| Untracked 
|  12|0x0000000083000000, 0x0000000083100000, 0x0000000083100000|100%| O|  |TAMS 0x0000000083000000| PB 0x0000000083000000| Untracked 
|  13|0x0000000083100000, 0x0000000083200000, 0x0000000083200000|100%| O|  |TAMS 0x0000000083100000| PB 0x0000000083100000| Untracked 
|  14|0x0000000083200000, 0x0000000083300000, 0x0000000083300000|100%| O|Cm|TAMS 0x0000000083200000| PB 0x0000000083200000| Complete 
|  15|0x0000000083300000, 0x0000000083400000, 0x0000000083400000|100%| O|  |TAMS 0x0000000083300000| PB 0x0000000083300000| Untracked 
|  16|0x0000000083400000, 0x0000000083500000, 0x0000000083500000|100%| O|  |TAMS 0x0000000083400000| PB 0x0000000083400000| Untracked 
|  17|0x0000000083500000, 0x0000000083600000, 0x0000000083600000|100%| O|  |TAMS 0x0000000083500000| PB 0x0000000083500000| Untracked 
|  18|0x0000000083600000, 0x0000000083700000, 0x0000000083700000|100%| O|  |TAMS 0x0000000083600000| PB 0x0000000083600000| Untracked 
|  19|0x0000000083700000, 0x0000000083800000, 0x0000000083800000|100%| O|  |TAMS 0x0000000083700000| PB 0x0000000083700000| Untracked 
|  20|0x0000000083800000, 0x0000000083900000, 0x0000000083900000|100%| O|  |TAMS 0x0000000083800000| PB 0x0000000083800000| Untracked 
|  21|0x0000000083900000, 0x0000000083a00000, 0x0000000083a00000|100%| O|  |TAMS 0x0000000083900000| PB 0x0000000083900000| Untracked 
|  22|0x0000000083a00000, 0x0000000083b00000, 0x0000000083b00000|100%| O|  |TAMS 0x0000000083a00000| PB 0x0000000083a00000| Untracked 
|  23|0x0000000083b00000, 0x0000000083c00000, 0x0000000083c00000|100%| O|  |TAMS 0x0000000083b00000| PB 0x0000000083b00000| Untracked 
|  24|0x0000000083c00000, 0x0000000083d00000, 0x0000000083d00000|100%| O|  |TAMS 0x0000000083c00000| PB 0x0000000083c00000| Untracked 
|  25|0x0000000083d00000, 0x0000000083e00000, 0x0000000083e00000|100%| O|  |TAMS 0x0000000083d00000| PB 0x0000000083d00000| Untracked 
|  26|0x0000000083e00000, 0x0000000083f00000, 0x0000000083f00000|100%| O|  |TAMS 0x0000000083e00000| PB 0x0000000083e00000| Untracked 
|  27|0x0000000083f00000, 0x0000000084000000, 0x0000000084000000|100%| O|  |TAMS 0x0000000083f00000| PB 0x0000000083f00000| Untracked 
|  28|0x0000000084000000, 0x0000000084100000, 0x0000000084100000|100%| O|  |TAMS 0x0000000084000000| PB 0x0000000084000000| Untracked 
|  29|0x0000000084100000, 0x0000000084200000, 0x0000000084200000|100%| O|  |TAMS 0x0000000084100000| PB 0x0000000084100000| Untracked 
|  30|0x0000000084200000, 0x0000000084300000, 0x0000000084300000|100%| O|  |TAMS 0x0000000084200000| PB 0x0000000084200000| Untracked 
|  31|0x0000000084300000, 0x0000000084400000, 0x0000000084400000|100%|HS|  |TAMS 0x0000000084300000| PB 0x0000000084300000| Complete 
|  32|0x0000000084400000, 0x0000000084500000, 0x0000000084500000|100%|HC|  |TAMS 0x0000000084400000| PB 0x0000000084400000| Complete 
|  33|0x0000000084500000, 0x0000000084600000, 0x0000000084600000|100%| O|  |TAMS 0x0000000084500000| PB 0x0000000084500000| Untracked 
|  34|0x0000000084600000, 0x0000000084700000, 0x0000000084700000|100%| O|  |TAMS 0x0000000084600000| PB 0x0000000084600000| Untracked 
|  35|0x0000000084700000, 0x0000000084800000, 0x0000000084800000|100%| O|  |TAMS 0x0000000084700000| PB 0x0000000084700000| Untracked 
|  36|0x0000000084800000, 0x0000000084900000, 0x0000000084900000|100%| O|  |TAMS 0x0000000084800000| PB 0x0000000084800000| Untracked 
|  37|0x0000000084900000, 0x0000000084a00000, 0x0000000084a00000|100%|HS|  |TAMS 0x0000000084900000| PB 0x0000000084900000| Complete 
|  38|0x0000000084a00000, 0x0000000084b00000, 0x0000000084b00000|100%|HC|  |TAMS 0x0000000084a00000| PB 0x0000000084a00000| Complete 
|  39|0x0000000084b00000, 0x0000000084c00000, 0x0000000084c00000|100%| O|  |TAMS 0x0000000084b00000| PB 0x0000000084b00000| Untracked 
|  40|0x0000000084c00000, 0x0000000084d00000, 0x0000000084d00000|100%| O|  |TAMS 0x0000000084c00000| PB 0x0000000084c00000| Untracked 
|  41|0x0000000084d00000, 0x0000000084e00000, 0x0000000084e00000|100%| O|  |TAMS 0x0000000084d00000| PB 0x0000000084d00000| Untracked 
|  42|0x0000000084e00000, 0x0000000084f00000, 0x0000000084f00000|100%| O|  |TAMS 0x0000000084e00000| PB 0x0000000084e00000| Untracked 
|  43|0x0000000084f00000, 0x0000000085000000, 0x0000000085000000|100%| O|  |TAMS 0x0000000084f00000| PB 0x0000000084f00000| Untracked 
|  44|0x0000000085000000, 0x0000000085100000, 0x0000000085100000|100%| O|  |TAMS 0x0000000085000000| PB 0x0000000085000000| Untracked 
|  45|0x0000000085100000, 0x0000000085200000, 0x0000000085200000|100%| O|  |TAMS 0x0000000085100000| PB 0x0000000085100000| Untracked 
|  46|0x0000000085200000, 0x0000000085300000, 0x0000000085300000|100%| O|  |TAMS 0x0000000085200000| PB 0x0000000085200000| Untracked 
|  47|0x0000000085300000, 0x0000000085400000, 0x0000000085400000|100%| O|  |TAMS 0x0000000085300000| PB 0x0000000085300000| Untracked 
|  48|0x0000000085400000, 0x0000000085500000, 0x0000000085500000|100%| O|  |TAMS 0x0000000085400000| PB 0x0000000085400000| Untracked 
|  49|0x0000000085500000, 0x0000000085600000, 0x0000000085600000|100%| O|  |TAMS 0x0000000085500000| PB 0x0000000085500000| Untracked 
|  50|0x0000000085600000, 0x0000000085700000, 0x0000000085700000|100%| O|  |TAMS 0x0000000085600000| PB 0x0000000085600000| Untracked 
|  51|0x0000000085700000, 0x0000000085800000, 0x0000000085800000|100%| O|  |TAMS 0x0000000085700000| PB 0x0000000085700000| Untracked 
|  52|0x0000000085800000, 0x0000000085900000, 0x0000000085900000|100%| O|  |TAMS 0x0000000085800000| PB 0x0000000085800000| Untracked 
|  53|0x0000000085900000, 0x0000000085a00000, 0x0000000085a00000|100%| O|  |TAMS 0x0000000085900000| PB 0x0000000085900000| Untracked 
|  54|0x0000000085a00000, 0x0000000085b00000, 0x0000000085b00000|100%| O|  |TAMS 0x0000000085a00000| PB 0x0000000085a00000| Untracked 
|  55|0x0000000085b00000, 0x0000000085c00000, 0x0000000085c00000|100%| O|  |TAMS 0x0000000085b00000| PB 0x0000000085b00000| Untracked 
|  56|0x0000000085c00000, 0x0000000085d00000, 0x0000000085d00000|100%| O|Cm|TAMS 0x0000000085c00000| PB 0x0000000085c00000| Complete 
|  57|0x0000000085d00000, 0x0000000085e00000, 0x0000000085e00000|100%|HS|  |TAMS 0x0000000085d00000| PB 0x0000000085d00000| Complete 
|  58|0x0000000085e00000, 0x0000000085f00000, 0x0000000085f00000|100%|HC|  |TAMS 0x0000000085e00000| PB 0x0000000085e00000| Complete 
|  59|0x0000000085f00000, 0x0000000086000000, 0x0000000086000000|100%| O|  |TAMS 0x0000000085f00000| PB 0x0000000085f00000| Untracked 
|  60|0x0000000086000000, 0x0000000086100000, 0x0000000086100000|100%| O|  |TAMS 0x0000000086000000| PB 0x0000000086000000| Untracked 
|  61|0x0000000086100000, 0x0000000086200000, 0x0000000086200000|100%| O|  |TAMS 0x0000000086100000| PB 0x0000000086100000| Untracked 
|  62|0x0000000086200000, 0x0000000086300000, 0x0000000086300000|100%| O|  |TAMS 0x0000000086200000| PB 0x0000000086200000| Untracked 
|  63|0x0000000086300000, 0x0000000086400000, 0x0000000086400000|100%| O|  |TAMS 0x0000000086300000| PB 0x0000000086300000| Untracked 
|  64|0x0000000086400000, 0x0000000086500000, 0x0000000086500000|100%| O|  |TAMS 0x0000000086400000| PB 0x0000000086400000| Untracked 
|  65|0x0000000086500000, 0x0000000086600000, 0x0000000086600000|100%| O|  |TAMS 0x0000000086500000| PB 0x0000000086500000| Untracked 
|  66|0x0000000086600000, 0x0000000086700000, 0x0000000086700000|100%| O|  |TAMS 0x0000000086600000| PB 0x0000000086600000| Untracked 
|  67|0x0000000086700000, 0x0000000086800000, 0x0000000086800000|100%| O|  |TAMS 0x0000000086700000| PB 0x0000000086700000| Untracked 
|  68|0x0000000086800000, 0x0000000086800000, 0x0000000086900000|  0%| F|  |TAMS 0x0000000086800000| PB 0x0000000086800000| Untracked 
|  69|0x0000000086900000, 0x0000000086900000, 0x0000000086a00000|  0%| F|  |TAMS 0x0000000086900000| PB 0x0000000086900000| Untracked 
|  70|0x0000000086a00000, 0x0000000086a00000, 0x0000000086b00000|  0%| F|  |TAMS 0x0000000086a00000| PB 0x0000000086a00000| Untracked 
|  71|0x0000000086b00000, 0x0000000086b00000, 0x0000000086c00000|  0%| F|  |TAMS 0x0000000086b00000| PB 0x0000000086b00000| Untracked 
|  72|0x0000000086c00000, 0x0000000086c00000, 0x0000000086d00000|  0%| F|  |TAMS 0x0000000086c00000| PB 0x0000000086c00000| Untracked 
|  73|0x0000000086d00000, 0x0000000086e00000, 0x0000000086e00000|100%| O|  |TAMS 0x0000000086d00000| PB 0x0000000086d00000| Untracked 
|  74|0x0000000086e00000, 0x0000000086f00000, 0x0000000086f00000|100%| O|  |TAMS 0x0000000086e00000| PB 0x0000000086e00000| Untracked 
|  75|0x0000000086f00000, 0x0000000086ffe518, 0x0000000087000000| 99%| O|  |TAMS 0x0000000086f00000| PB 0x0000000086f00000| Untracked 
|  76|0x0000000087000000, 0x0000000087000000, 0x0000000087100000|  0%| F|  |TAMS 0x0000000087000000| PB 0x0000000087000000| Untracked 
|  77|0x0000000087100000, 0x0000000087100000, 0x0000000087200000|  0%| F|  |TAMS 0x0000000087100000| PB 0x0000000087100000| Untracked 
|  78|0x0000000087200000, 0x000000008726dc58, 0x0000000087300000| 42%| S|CS|TAMS 0x0000000087200000| PB 0x0000000087200000| Complete 
|  79|0x0000000087300000, 0x0000000087400000, 0x0000000087400000|100%| S|CS|TAMS 0x0000000087300000| PB 0x0000000087300000| Complete 
|  80|0x0000000087400000, 0x0000000087500000, 0x0000000087500000|100%| S|CS|TAMS 0x0000000087400000| PB 0x0000000087400000| Complete 
|  81|0x0000000087500000, 0x0000000087600000, 0x0000000087600000|100%| S|CS|TAMS 0x0000000087500000| PB 0x0000000087500000| Complete 
|  82|0x0000000087600000, 0x0000000087600000, 0x0000000087700000|  0%| F|  |TAMS 0x0000000087600000| PB 0x0000000087600000| Untracked 
|  83|0x0000000087700000, 0x0000000087700000, 0x0000000087800000|  0%| F|  |TAMS 0x0000000087700000| PB 0x0000000087700000| Untracked 
|  84|0x0000000087800000, 0x0000000087800000, 0x0000000087900000|  0%| F|  |TAMS 0x0000000087800000| PB 0x0000000087800000| Untracked 
|  85|0x0000000087900000, 0x0000000087900000, 0x0000000087a00000|  0%| F|  |TAMS 0x0000000087900000| PB 0x0000000087900000| Untracked 
|  86|0x0000000087a00000, 0x0000000087a00000, 0x0000000087b00000|  0%| F|  |TAMS 0x0000000087a00000| PB 0x0000000087a00000| Untracked 
|  87|0x0000000087b00000, 0x0000000087b00000, 0x0000000087c00000|  0%| F|  |TAMS 0x0000000087b00000| PB 0x0000000087b00000| Untracked 
|  88|0x0000000087c00000, 0x0000000087c00000, 0x0000000087d00000|  0%| F|  |TAMS 0x0000000087c00000| PB 0x0000000087c00000| Untracked 
|  89|0x0000000087d00000, 0x0000000087d00000, 0x0000000087e00000|  0%| F|  |TAMS 0x0000000087d00000| PB 0x0000000087d00000| Untracked 
|  90|0x0000000087e00000, 0x0000000087e00000, 0x0000000087f00000|  0%| F|  |TAMS 0x0000000087e00000| PB 0x0000000087e00000| Untracked 
|  91|0x0000000087f00000, 0x0000000087f00000, 0x0000000088000000|  0%| F|  |TAMS 0x0000000087f00000| PB 0x0000000087f00000| Untracked 
|  92|0x0000000088000000, 0x0000000088000000, 0x0000000088100000|  0%| F|  |TAMS 0x0000000088000000| PB 0x0000000088000000| Untracked 
|  93|0x0000000088100000, 0x0000000088100000, 0x0000000088200000|  0%| F|  |TAMS 0x0000000088100000| PB 0x0000000088100000| Untracked 
|  94|0x0000000088200000, 0x0000000088200000, 0x0000000088300000|  0%| F|  |TAMS 0x0000000088200000| PB 0x0000000088200000| Untracked 
|  95|0x0000000088300000, 0x0000000088300000, 0x0000000088400000|  0%| F|  |TAMS 0x0000000088300000| PB 0x0000000088300000| Untracked 
|  96|0x0000000088400000, 0x0000000088400000, 0x0000000088500000|  0%| F|  |TAMS 0x0000000088400000| PB 0x0000000088400000| Untracked 
|  97|0x0000000088500000, 0x0000000088500000, 0x0000000088600000|  0%| F|  |TAMS 0x0000000088500000| PB 0x0000000088500000| Untracked 
|  98|0x0000000088600000, 0x0000000088600000, 0x0000000088700000|  0%| F|  |TAMS 0x0000000088600000| PB 0x0000000088600000| Untracked 
|  99|0x0000000088700000, 0x0000000088700000, 0x0000000088800000|  0%| F|  |TAMS 0x0000000088700000| PB 0x0000000088700000| Untracked 
| 100|0x0000000088800000, 0x0000000088800000, 0x0000000088900000|  0%| F|  |TAMS 0x0000000088800000| PB 0x0000000088800000| Untracked 
| 101|0x0000000088900000, 0x0000000088900000, 0x0000000088a00000|  0%| F|  |TAMS 0x0000000088900000| PB 0x0000000088900000| Untracked 
| 102|0x0000000088a00000, 0x0000000088a00000, 0x0000000088b00000|  0%| F|  |TAMS 0x0000000088a00000| PB 0x0000000088a00000| Untracked 
| 103|0x0000000088b00000, 0x0000000088b00000, 0x0000000088c00000|  0%| F|  |TAMS 0x0000000088b00000| PB 0x0000000088b00000| Untracked 
| 104|0x0000000088c00000, 0x0000000088c00000, 0x0000000088d00000|  0%| F|  |TAMS 0x0000000088c00000| PB 0x0000000088c00000| Untracked 
| 105|0x0000000088d00000, 0x0000000088d00000, 0x0000000088e00000|  0%| F|  |TAMS 0x0000000088d00000| PB 0x0000000088d00000| Untracked 
| 106|0x0000000088e00000, 0x0000000088e00000, 0x0000000088f00000|  0%| F|  |TAMS 0x0000000088e00000| PB 0x0000000088e00000| Untracked 
| 107|0x0000000088f00000, 0x0000000088f00000, 0x0000000089000000|  0%| F|  |TAMS 0x0000000088f00000| PB 0x0000000088f00000| Untracked 
| 108|0x0000000089000000, 0x0000000089000000, 0x0000000089100000|  0%| F|  |TAMS 0x0000000089000000| PB 0x0000000089000000| Untracked 
| 109|0x0000000089100000, 0x0000000089100000, 0x0000000089200000|  0%| F|  |TAMS 0x0000000089100000| PB 0x0000000089100000| Untracked 
| 110|0x0000000089200000, 0x0000000089200000, 0x0000000089300000|  0%| F|  |TAMS 0x0000000089200000| PB 0x0000000089200000| Untracked 
| 111|0x0000000089300000, 0x0000000089300000, 0x0000000089400000|  0%| F|  |TAMS 0x0000000089300000| PB 0x0000000089300000| Untracked 
| 112|0x0000000089400000, 0x0000000089400000, 0x0000000089500000|  0%| F|  |TAMS 0x0000000089400000| PB 0x0000000089400000| Untracked 
| 113|0x0000000089500000, 0x000000008957f3b8, 0x0000000089600000| 49%| E|  |TAMS 0x0000000089500000| PB 0x0000000089500000| Complete 
| 114|0x0000000089600000, 0x0000000089700000, 0x0000000089700000|100%| E|CS|TAMS 0x0000000089600000| PB 0x0000000089600000| Complete 
| 115|0x0000000089700000, 0x0000000089800000, 0x0000000089800000|100%| E|CS|TAMS 0x0000000089700000| PB 0x0000000089700000| Complete 
| 116|0x0000000089800000, 0x0000000089900000, 0x0000000089900000|100%| E|CS|TAMS 0x0000000089800000| PB 0x0000000089800000| Complete 
| 117|0x0000000089900000, 0x0000000089a00000, 0x0000000089a00000|100%| E|CS|TAMS 0x0000000089900000| PB 0x0000000089900000| Complete 
| 118|0x0000000089a00000, 0x0000000089b00000, 0x0000000089b00000|100%| E|  |TAMS 0x0000000089a00000| PB 0x0000000089a00000| Complete 
| 119|0x0000000089b00000, 0x0000000089c00000, 0x0000000089c00000|100%| E|CS|TAMS 0x0000000089b00000| PB 0x0000000089b00000| Complete 
| 120|0x0000000089c00000, 0x0000000089d00000, 0x0000000089d00000|100%| E|CS|TAMS 0x0000000089c00000| PB 0x0000000089c00000| Complete 
| 121|0x0000000089d00000, 0x0000000089e00000, 0x0000000089e00000|100%| E|CS|TAMS 0x0000000089d00000| PB 0x0000000089d00000| Complete 
| 122|0x0000000089e00000, 0x0000000089f00000, 0x0000000089f00000|100%| E|CS|TAMS 0x0000000089e00000| PB 0x0000000089e00000| Complete 
| 123|0x0000000089f00000, 0x000000008a000000, 0x000000008a000000|100%| E|CS|TAMS 0x0000000089f00000| PB 0x0000000089f00000| Complete 
| 124|0x000000008a000000, 0x000000008a100000, 0x000000008a100000|100%| E|CS|TAMS 0x000000008a000000| PB 0x000000008a000000| Complete 
| 125|0x000000008a100000, 0x000000008a200000, 0x000000008a200000|100%| E|CS|TAMS 0x000000008a100000| PB 0x000000008a100000| Complete 
| 126|0x000000008a200000, 0x000000008a300000, 0x000000008a300000|100%| E|CS|TAMS 0x000000008a200000| PB 0x000000008a200000| Complete 
| 127|0x000000008a300000, 0x000000008a400000, 0x000000008a400000|100%| E|CS|TAMS 0x000000008a300000| PB 0x000000008a300000| Complete 
| 128|0x000000008a400000, 0x000000008a500000, 0x000000008a500000|100%| E|CS|TAMS 0x000000008a400000| PB 0x000000008a400000| Complete 
| 129|0x000000008a500000, 0x000000008a600000, 0x000000008a600000|100%| E|CS|TAMS 0x000000008a500000| PB 0x000000008a500000| Complete 
| 130|0x000000008a600000, 0x000000008a700000, 0x000000008a700000|100%| E|CS|TAMS 0x000000008a600000| PB 0x000000008a600000| Complete 
| 131|0x000000008a700000, 0x000000008a800000, 0x000000008a800000|100%| E|CS|TAMS 0x000000008a700000| PB 0x000000008a700000| Complete 
| 132|0x000000008a800000, 0x000000008a900000, 0x000000008a900000|100%| E|CS|TAMS 0x000000008a800000| PB 0x000000008a800000| Complete 
| 133|0x000000008a900000, 0x000000008aa00000, 0x000000008aa00000|100%| E|CS|TAMS 0x000000008a900000| PB 0x000000008a900000| Complete 
| 134|0x000000008aa00000, 0x000000008ab00000, 0x000000008ab00000|100%| E|CS|TAMS 0x000000008aa00000| PB 0x000000008aa00000| Complete 
| 135|0x000000008ab00000, 0x000000008ac00000, 0x000000008ac00000|100%| E|CS|TAMS 0x000000008ab00000| PB 0x000000008ab00000| Complete 
| 136|0x000000008ac00000, 0x000000008ad00000, 0x000000008ad00000|100%| E|CS|TAMS 0x000000008ac00000| PB 0x000000008ac00000| Complete 
| 137|0x000000008ad00000, 0x000000008ae00000, 0x000000008ae00000|100%| E|CS|TAMS 0x000000008ad00000| PB 0x000000008ad00000| Complete 
| 138|0x000000008ae00000, 0x000000008af00000, 0x000000008af00000|100%| E|CS|TAMS 0x000000008ae00000| PB 0x000000008ae00000| Complete 
| 139|0x000000008af00000, 0x000000008b000000, 0x000000008b000000|100%| E|CS|TAMS 0x000000008af00000| PB 0x000000008af00000| Complete 
| 140|0x000000008b000000, 0x000000008b100000, 0x000000008b100000|100%| E|CS|TAMS 0x000000008b000000| PB 0x000000008b000000| Complete 
| 141|0x000000008b100000, 0x000000008b200000, 0x000000008b200000|100%| E|CS|TAMS 0x000000008b100000| PB 0x000000008b100000| Complete 
| 142|0x000000008b200000, 0x000000008b300000, 0x000000008b300000|100%| E|CS|TAMS 0x000000008b200000| PB 0x000000008b200000| Complete 
| 143|0x000000008b300000, 0x000000008b400000, 0x000000008b400000|100%| E|CS|TAMS 0x000000008b300000| PB 0x000000008b300000| Complete 
| 144|0x000000008b400000, 0x000000008b500000, 0x000000008b500000|100%| E|CS|TAMS 0x000000008b400000| PB 0x000000008b400000| Complete 
| 145|0x000000008b500000, 0x000000008b600000, 0x000000008b600000|100%| E|CS|TAMS 0x000000008b500000| PB 0x000000008b500000| Complete 
| 146|0x000000008b600000, 0x000000008b700000, 0x000000008b700000|100%| E|CS|TAMS 0x000000008b600000| PB 0x000000008b600000| Complete 
| 147|0x000000008b700000, 0x000000008b800000, 0x000000008b800000|100%| E|CS|TAMS 0x000000008b700000| PB 0x000000008b700000| Complete 
| 148|0x000000008b800000, 0x000000008b900000, 0x000000008b900000|100%| E|CS|TAMS 0x000000008b800000| PB 0x000000008b800000| Complete 
| 149|0x000000008b900000, 0x000000008ba00000, 0x000000008ba00000|100%| E|CS|TAMS 0x000000008b900000| PB 0x000000008b900000| Complete 
| 150|0x000000008ba00000, 0x000000008bb00000, 0x000000008bb00000|100%| E|CS|TAMS 0x000000008ba00000| PB 0x000000008ba00000| Complete 
| 151|0x000000008bb00000, 0x000000008bc00000, 0x000000008bc00000|100%| E|CS|TAMS 0x000000008bb00000| PB 0x000000008bb00000| Complete 
| 152|0x000000008bc00000, 0x000000008bd00000, 0x000000008bd00000|100%| E|CS|TAMS 0x000000008bc00000| PB 0x000000008bc00000| Complete 
| 153|0x000000008bd00000, 0x000000008be00000, 0x000000008be00000|100%| E|CS|TAMS 0x000000008bd00000| PB 0x000000008bd00000| Complete 
| 154|0x000000008be00000, 0x000000008bf00000, 0x000000008bf00000|100%| E|CS|TAMS 0x000000008be00000| PB 0x000000008be00000| Complete 
| 155|0x000000008bf00000, 0x000000008c000000, 0x000000008c000000|100%| E|CS|TAMS 0x000000008bf00000| PB 0x000000008bf00000| Complete 
| 156|0x000000008c000000, 0x000000008c100000, 0x000000008c100000|100%| E|CS|TAMS 0x000000008c000000| PB 0x000000008c000000| Complete 
| 157|0x000000008c100000, 0x000000008c200000, 0x000000008c200000|100%| E|CS|TAMS 0x000000008c100000| PB 0x000000008c100000| Complete 
| 158|0x000000008c200000, 0x000000008c300000, 0x000000008c300000|100%| E|CS|TAMS 0x000000008c200000| PB 0x000000008c200000| Complete 
| 159|0x000000008c300000, 0x000000008c400000, 0x000000008c400000|100%| E|CS|TAMS 0x000000008c300000| PB 0x000000008c300000| Complete 
| 160|0x000000008c400000, 0x000000008c500000, 0x000000008c500000|100%| E|CS|TAMS 0x000000008c400000| PB 0x000000008c400000| Complete 
| 161|0x000000008c500000, 0x000000008c600000, 0x000000008c600000|100%| E|CS|TAMS 0x000000008c500000| PB 0x000000008c500000| Complete 
|2008|0x00000000ffc00000, 0x00000000ffd00000, 0x00000000ffd00000|100%| O|  |TAMS 0x00000000ffc00000| PB 0x00000000ffc00000| Untracked 
|2009|0x00000000ffd00000, 0x00000000ffe00000, 0x00000000ffe00000|100%| O|  |TAMS 0x00000000ffd00000| PB 0x00000000ffd00000| Untracked 
|2010|0x00000000ffe00000, 0x00000000fff00000, 0x00000000fff00000|100%| O|  |TAMS 0x00000000ffe00000| PB 0x00000000ffe00000| Untracked 
|2011|0x00000000fff00000, 0x0000000100000000, 0x0000000100000000|100%| E|CS|TAMS 0x00000000fff00000| PB 0x00000000fff00000| Complete 

Card table byte_map: [0x0000022d79f90000,0x0000022d7a380000] _byte_map_base: 0x0000022d79b7e000

Marking Bits: (CMBitMap*) 0x0000022d76762180
 Bits: [0x0000022d7a380000, 0x0000022d7c2f0000)

Polling page: 0x0000022d745c0000

Metaspace:

Usage:
  Non-class:     57.31 MB used.
      Class:      7.37 MB used.
       Both:     64.69 MB used.

Virtual space:
  Non-class space:       64.00 MB reserved,      57.69 MB ( 90%) committed,  1 nodes.
      Class space:        1.00 GB reserved,       7.75 MB ( <1%) committed,  1 nodes.
             Both:        1.06 GB reserved,      65.44 MB (  6%) committed. 

Chunk freelists:
   Non-Class:  6.06 MB
       Class:  8.16 MB
        Both:  14.22 MB

MaxMetaspaceSize: unlimited
CompressedClassSpaceSize: 1.00 GB
Initial GC threshold: 21.00 MB
Current GC threshold: 104.69 MB
CDS: off
 - commit_granule_bytes: 65536.
 - commit_granule_words: 8192.
 - virtual_space_node_default_size: 8388608.
 - enlarge_chunks_in_place: 1.
 - use_allocation_guard: 0.


Internal statistics:

num_allocs_failed_limit: 6.
num_arena_births: 1236.
num_arena_deaths: 0.
num_vsnodes_births: 2.
num_vsnodes_deaths: 0.
num_space_committed: 1045.
num_space_uncommitted: 0.
num_chunks_returned_to_freelist: 6.
num_chunks_taken_from_freelist: 3434.
num_chunk_merges: 6.
num_chunk_splits: 2640.
num_chunks_enlarged: 2067.
num_inconsistent_stats: 0.

CodeHeap 'non-profiled nmethods': size=120000Kb used=5266Kb max_used=5266Kb free=114733Kb
 bounds [0x0000022d07ad0000, 0x0000022d08000000, 0x0000022d0f000000]
CodeHeap 'profiled nmethods': size=120000Kb used=27101Kb max_used=27101Kb free=92898Kb
 bounds [0x0000022d00000000, 0x0000022d01a80000, 0x0000022d07530000]
CodeHeap 'non-nmethods': size=5760Kb used=1581Kb max_used=1651Kb free=4178Kb
 bounds [0x0000022d07530000, 0x0000022d077a0000, 0x0000022d07ad0000]
 total_blobs=10302 nmethods=9662 adapters=540
 compilation: enabled
              stopped_count=0, restarted_count=0
 full_count=0

Compilation events (20 events):
Event: 12.602 Thread 0x0000022d7ef1a8a0 11067       3       sun.nio.fs.WindowsPathParser::isLetter (30 bytes)
Event: 12.602 Thread 0x0000022d7ef1a8a0 nmethod 11067 0x0000022d01a58890 code [0x0000022d01a58a40, 0x0000022d01a58c10]
Event: 12.605 Thread 0x0000022d7ef1a8a0 11068       3       org.jetbrains.kotlin.resolve.calls.smartcasts.DataFlowValueKindUtilsKt::isInvisibleFromOtherModules (49 bytes)
Event: 12.605 Thread 0x0000022d7ef1a8a0 nmethod 11068 0x0000022d01a58c90 code [0x0000022d01a58ea0, 0x0000022d01a595b8]
Event: 12.613 Thread 0x0000022d7ef1a8a0 11069       1       org.jetbrains.kotlin.resolve.VariableTypeAndInitializerResolver::access$getAnonymousTypeTransformers$p (5 bytes)
Event: 12.613 Thread 0x0000022d7ef1a8a0 nmethod 11069 0x0000022d07fec910 code [0x0000022d07fecaa0, 0x0000022d07fecb50]
Event: 12.613 Thread 0x0000022d7ef1a8a0 11070       1       org.jetbrains.kotlin.resolve.VariableTypeAndInitializerResolver::access$getLanguageVersionSettings$p (5 bytes)
Event: 12.613 Thread 0x0000022d7ef1a8a0 nmethod 11070 0x0000022d07fecc10 code [0x0000022d07fecda0, 0x0000022d07fece50]
Event: 12.613 Thread 0x0000022d7ef1a8a0 11071       3       org.jetbrains.kotlin.resolve.constants.ConstantValueFactory::createConstantValue (485 bytes)
Event: 12.617 Thread 0x0000022d7ef1a8a0 nmethod 11071 0x0000022d01a59790 code [0x0000022d01a59f20, 0x0000022d01a5e848]
Event: 12.617 Thread 0x0000022d7ef1a8a0 11075       3       org.jetbrains.kotlin.com.intellij.lang.impl.PsiBuilderAdapter::rawLookup (11 bytes)
Event: 12.617 Thread 0x0000022d7ef1a8a0 nmethod 11075 0x0000022d01a5f710 code [0x0000022d01a5f8c0, 0x0000022d01a5fa90]
Event: 12.617 Thread 0x0000022d7ef1a8a0 11072       3       org.jetbrains.kotlin.com.intellij.psi.impl.source.tree.TreeUtil::getFileElement (50 bytes)
Event: 12.618 Thread 0x0000022d7ef1a8a0 nmethod 11072 0x0000022d01a5fb90 code [0x0000022d01a5fd80, 0x0000022d01a60360]
Event: 12.618 Thread 0x0000022d7ef1a8a0 11073       3       org.jetbrains.kotlin.com.intellij.psi.impl.DebugUtil::beginPsiModification (78 bytes)
Event: 12.619 Thread 0x0000022d7ef1a8a0 nmethod 11073 0x0000022d01a60510 code [0x0000022d01a60800, 0x0000022d01a618f0]
Event: 12.619 Thread 0x0000022d7ef1a8a0 11074       3       org.jetbrains.kotlin.com.intellij.psi.impl.source.tree.LazyParseableElement::lambda$ensureParsed$2 (50 bytes)
Event: 12.621 Thread 0x0000022d7ef1a8a0 nmethod 11074 0x0000022d01a61e10 code [0x0000022d01a62140, 0x0000022d01a635a0]
Event: 12.623 Thread 0x0000022d7ef1a8a0 11076       3       org.jetbrains.kotlin.resolve.calls.tower.KotlinToResolvedCallTransformer::checkReceiver (110 bytes)
Event: 12.623 Thread 0x0000022d7ef1a8a0 nmethod 11076 0x0000022d01a63c90 code [0x0000022d01a63ec0, 0x0000022d01a64758]

GC Heap History (20 events):
Event: 6.374 GC heap before
{Heap before GC invocations=15 (full 0):
 garbage-first heap   total 72704K, used 63397K [0x0000000082400000, 0x0000000100000000)
  region size 1024K, 25 young (25600K), 4 survivors (4096K)
 Metaspace       used 55060K, committed 55808K, reserved 1114112K
  class space    used 6515K, committed 6912K, reserved 1048576K
}
Event: 6.390 GC heap after
{Heap after GC invocations=16 (full 0):
 garbage-first heap   total 72704K, used 44658K [0x0000000082400000, 0x0000000100000000)
  region size 1024K, 3 young (3072K), 3 survivors (3072K)
 Metaspace       used 55060K, committed 55808K, reserved 1114112K
  class space    used 6515K, committed 6912K, reserved 1048576K
}
Event: 6.745 GC heap before
{Heap before GC invocations=17 (full 0):
 garbage-first heap   total 75776K, used 66162K [0x0000000082400000, 0x0000000100000000)
  region size 1024K, 22 young (22528K), 3 survivors (3072K)
 Metaspace       used 55317K, committed 56064K, reserved 1114112K
  class space    used 6538K, committed 6912K, reserved 1048576K
}
Event: 6.754 GC heap after
{Heap after GC invocations=18 (full 0):
 garbage-first heap   total 75776K, used 48919K [0x0000000082400000, 0x0000000100000000)
  region size 1024K, 3 young (3072K), 3 survivors (3072K)
 Metaspace       used 55317K, committed 56064K, reserved 1114112K
  class space    used 6538K, committed 6912K, reserved 1048576K
}
Event: 6.875 GC heap before
{Heap before GC invocations=18 (full 0):
 garbage-first heap   total 75776K, used 66327K [0x0000000082400000, 0x0000000100000000)
  region size 1024K, 20 young (20480K), 3 survivors (3072K)
 Metaspace       used 55317K, committed 56064K, reserved 1114112K
  class space    used 6538K, committed 6912K, reserved 1048576K
}
Event: 6.881 GC heap after
{Heap after GC invocations=19 (full 0):
 garbage-first heap   total 75776K, used 49529K [0x0000000082400000, 0x0000000100000000)
  region size 1024K, 2 young (2048K), 2 survivors (2048K)
 Metaspace       used 55317K, committed 56064K, reserved 1114112K
  class space    used 6538K, committed 6912K, reserved 1048576K
}
Event: 7.017 GC heap before
{Heap before GC invocations=19 (full 0):
 garbage-first heap   total 75776K, used 67961K [0x0000000082400000, 0x0000000100000000)
  region size 1024K, 20 young (20480K), 2 survivors (2048K)
 Metaspace       used 55317K, committed 56064K, reserved 1114112K
  class space    used 6538K, committed 6912K, reserved 1048576K
}
Event: 7.021 GC heap after
{Heap after GC invocations=20 (full 0):
 garbage-first heap   total 103424K, used 51200K [0x0000000082400000, 0x0000000100000000)
  region size 1024K, 3 young (3072K), 3 survivors (3072K)
 Metaspace       used 55317K, committed 56064K, reserved 1114112K
  class space    used 6538K, committed 6912K, reserved 1048576K
}
Event: 7.192 GC heap before
{Heap before GC invocations=21 (full 0):
 garbage-first heap   total 103424K, used 90112K [0x0000000082400000, 0x0000000100000000)
  region size 1024K, 41 young (41984K), 3 survivors (3072K)
 Metaspace       used 55381K, committed 56128K, reserved 1114112K
  class space    used 6538K, committed 6912K, reserved 1048576K
}
Event: 7.201 GC heap after
{Heap after GC invocations=22 (full 0):
 garbage-first heap   total 103424K, used 55521K [0x0000000082400000, 0x0000000100000000)
  region size 1024K, 6 young (6144K), 6 survivors (6144K)
 Metaspace       used 55381K, committed 56128K, reserved 1114112K
  class space    used 6538K, committed 6912K, reserved 1048576K
}
Event: 7.754 GC heap before
{Heap before GC invocations=22 (full 0):
 garbage-first heap   total 103424K, used 90337K [0x0000000082400000, 0x0000000100000000)
  region size 1024K, 40 young (40960K), 6 survivors (6144K)
 Metaspace       used 55887K, committed 56640K, reserved 1114112K
  class space    used 6569K, committed 6976K, reserved 1048576K
}
Event: 7.777 GC heap after
{Heap after GC invocations=23 (full 0):
 garbage-first heap   total 103424K, used 60214K [0x0000000082400000, 0x0000000100000000)
  region size 1024K, 5 young (5120K), 5 survivors (5120K)
 Metaspace       used 55887K, committed 56640K, reserved 1114112K
  class space    used 6569K, committed 6976K, reserved 1048576K
}
Event: 8.237 GC heap before
{Heap before GC invocations=23 (full 0):
 garbage-first heap   total 103424K, used 85814K [0x0000000082400000, 0x0000000100000000)
  region size 1024K, 31 young (31744K), 5 survivors (5120K)
 Metaspace       used 57227K, committed 57984K, reserved 1114112K
  class space    used 6722K, committed 7104K, reserved 1048576K
}
Event: 8.253 GC heap after
{Heap after GC invocations=24 (full 0):
 garbage-first heap   total 103424K, used 64468K [0x0000000082400000, 0x0000000100000000)
  region size 1024K, 4 young (4096K), 4 survivors (4096K)
 Metaspace       used 57227K, committed 57984K, reserved 1114112K
  class space    used 6722K, committed 7104K, reserved 1048576K
}
Event: 9.230 GC heap before
{Heap before GC invocations=25 (full 0):
 garbage-first heap   total 111616K, used 94164K [0x0000000082400000, 0x0000000100000000)
  region size 1024K, 31 young (31744K), 4 survivors (4096K)
 Metaspace       used 60299K, committed 61056K, reserved 1114112K
  class space    used 7067K, committed 7424K, reserved 1048576K
}
Event: 9.244 GC heap after
{Heap after GC invocations=26 (full 0):
 garbage-first heap   total 111616K, used 70039K [0x0000000082400000, 0x0000000100000000)
  region size 1024K, 4 young (4096K), 4 survivors (4096K)
 Metaspace       used 60299K, committed 61056K, reserved 1114112K
  class space    used 7067K, committed 7424K, reserved 1048576K
}
Event: 10.099 GC heap before
{Heap before GC invocations=26 (full 0):
 garbage-first heap   total 111616K, used 99735K [0x0000000082400000, 0x0000000100000000)
  region size 1024K, 33 young (33792K), 4 survivors (4096K)
 Metaspace       used 61625K, committed 62400K, reserved 1114112K
  class space    used 7142K, committed 7552K, reserved 1048576K
}
Event: 10.127 GC heap after
{Heap after GC invocations=27 (full 0):
 garbage-first heap   total 111616K, used 75562K [0x0000000082400000, 0x0000000100000000)
  region size 1024K, 5 young (5120K), 5 survivors (5120K)
 Metaspace       used 61625K, committed 62400K, reserved 1114112K
  class space    used 7142K, committed 7552K, reserved 1048576K
}
Event: 10.775 GC heap before
{Heap before GC invocations=27 (full 0):
 garbage-first heap   total 111616K, used 100138K [0x0000000082400000, 0x0000000100000000)
  region size 1024K, 29 young (29696K), 5 survivors (5120K)
 Metaspace       used 63383K, committed 64192K, reserved 1114112K
  class space    used 7357K, committed 7744K, reserved 1048576K
}
Event: 10.792 GC heap after
{Heap after GC invocations=28 (full 0):
 garbage-first heap   total 169984K, used 79280K [0x0000000082400000, 0x0000000100000000)
  region size 1024K, 4 young (4096K), 4 survivors (4096K)
 Metaspace       used 63383K, committed 64192K, reserved 1114112K
  class space    used 7357K, committed 7744K, reserved 1048576K
}

Dll operation events (3 events):
Event: 0.012 Loaded shared library C:\Program Files\Android\Android Studio\jbr\bin\java.dll
Event: 0.022 Loaded shared library C:\Program Files\Android\Android Studio\jbr\bin\zip.dll
Event: 2.158 Loaded shared library C:\Program Files\Android\Android Studio\jbr\bin\verify.dll

Deoptimization events (20 events):
Event: 12.367 Thread 0x0000022d76706b70 DEOPT PACKING pc=0x0000022d0154d244 sp=0x000000571f4fb9e0
Event: 12.367 Thread 0x0000022d76706b70 DEOPT UNPACKING pc=0x0000022d07584e42 sp=0x000000571f4faf00 mode 0
Event: 12.367 Thread 0x0000022d76706b70 DEOPT PACKING pc=0x0000022d00c474dc sp=0x000000571f4fbd00
Event: 12.367 Thread 0x0000022d76706b70 DEOPT UNPACKING pc=0x0000022d07584e42 sp=0x000000571f4fb1b0 mode 0
Event: 12.522 Thread 0x0000022d76706b70 Uncommon trap: trap_request=0xffffffde fr.pc=0x0000022d07fe76ec relative=0x0000000000000b0c
Event: 12.522 Thread 0x0000022d76706b70 Uncommon trap: reason=class_check action=maybe_recompile pc=0x0000022d07fe76ec method=org.jetbrains.kotlin.serialization.deserialization.descriptors.DeserializedMemberScope$OptimizedImplementation.getContributedVariables(Lorg/jetbrains/kotlin/name/Name;Lo
Event: 12.522 Thread 0x0000022d76706b70 DEOPT PACKING pc=0x0000022d07fe76ec sp=0x000000571f4f8dd0
Event: 12.522 Thread 0x0000022d76706b70 DEOPT UNPACKING pc=0x0000022d075846a2 sp=0x000000571f4f8d18 mode 2
Event: 12.530 Thread 0x0000022d76706b70 Uncommon trap: trap_request=0xffffffde fr.pc=0x0000022d07fe76ec relative=0x0000000000000b0c
Event: 12.530 Thread 0x0000022d76706b70 Uncommon trap: reason=class_check action=maybe_recompile pc=0x0000022d07fe76ec method=org.jetbrains.kotlin.serialization.deserialization.descriptors.DeserializedMemberScope$OptimizedImplementation.getContributedVariables(Lorg/jetbrains/kotlin/name/Name;Lo
Event: 12.530 Thread 0x0000022d76706b70 DEOPT PACKING pc=0x0000022d07fe76ec sp=0x000000571f4f8dd0
Event: 12.530 Thread 0x0000022d76706b70 DEOPT UNPACKING pc=0x0000022d075846a2 sp=0x000000571f4f8d18 mode 2
Event: 12.543 Thread 0x0000022d76706b70 Uncommon trap: trap_request=0xffffffde fr.pc=0x0000022d07fe76ec relative=0x0000000000000b0c
Event: 12.544 Thread 0x0000022d76706b70 Uncommon trap: reason=class_check action=maybe_recompile pc=0x0000022d07fe76ec method=org.jetbrains.kotlin.serialization.deserialization.descriptors.DeserializedMemberScope$OptimizedImplementation.getContributedVariables(Lorg/jetbrains/kotlin/name/Name;Lo
Event: 12.544 Thread 0x0000022d76706b70 DEOPT PACKING pc=0x0000022d07fe76ec sp=0x000000571f4f8dd0
Event: 12.544 Thread 0x0000022d76706b70 DEOPT UNPACKING pc=0x0000022d075846a2 sp=0x000000571f4f8d18 mode 2
Event: 12.625 Thread 0x0000022d76706b70 Uncommon trap: trap_request=0xffffffc6 fr.pc=0x0000022d07e22f58 relative=0x00000000000007f8
Event: 12.625 Thread 0x0000022d76706b70 Uncommon trap: reason=bimorphic_or_optimized_type_check action=maybe_recompile pc=0x0000022d07e22f58 method=org.jetbrains.kotlin.com.intellij.psi.impl.source.tree.TreeElement.rawRemoveUpToWithoutNotifications(Lorg/jetbrains/kotlin/com/intellij/psi/impl/so
Event: 12.625 Thread 0x0000022d76706b70 DEOPT PACKING pc=0x0000022d07e22f58 sp=0x000000571f4fb5d0
Event: 12.625 Thread 0x0000022d76706b70 DEOPT UNPACKING pc=0x0000022d075846a2 sp=0x000000571f4fb510 mode 2

Classes loaded (20 events):
Event: 10.344 Loading class java/util/regex/Pattern$LookBehindEndNode
Event: 10.344 Loading class java/util/regex/Pattern$LookBehindEndNode done
Event: 10.344 Loading class java/util/regex/Pattern$NotBehind
Event: 10.344 Loading class java/util/regex/Pattern$NotBehind done
Event: 12.534 Loading class jdk/internal/math/FloatingDecimal
Event: 12.536 Loading class jdk/internal/math/FloatingDecimal done
Event: 12.536 Loading class jdk/internal/math/FloatingDecimal$ExceptionalBinaryToASCIIBuffer
Event: 12.536 Loading class jdk/internal/math/FloatingDecimal$BinaryToASCIIConverter
Event: 12.536 Loading class jdk/internal/math/FloatingDecimal$BinaryToASCIIConverter done
Event: 12.536 Loading class jdk/internal/math/FloatingDecimal$ExceptionalBinaryToASCIIBuffer done
Event: 12.537 Loading class jdk/internal/math/FloatingDecimal$BinaryToASCIIBuffer
Event: 12.537 Loading class jdk/internal/math/FloatingDecimal$BinaryToASCIIBuffer done
Event: 12.537 Loading class jdk/internal/math/FloatingDecimal$1
Event: 12.538 Loading class jdk/internal/math/FloatingDecimal$1 done
Event: 12.538 Loading class jdk/internal/math/FloatingDecimal$PreparedASCIIToBinaryBuffer
Event: 12.539 Loading class jdk/internal/math/FloatingDecimal$ASCIIToBinaryConverter
Event: 12.539 Loading class jdk/internal/math/FloatingDecimal$ASCIIToBinaryConverter done
Event: 12.539 Loading class jdk/internal/math/FloatingDecimal$PreparedASCIIToBinaryBuffer done
Event: 12.539 Loading class jdk/internal/math/FloatingDecimal$ASCIIToBinaryBuffer
Event: 12.539 Loading class jdk/internal/math/FloatingDecimal$ASCIIToBinaryBuffer done

Classes unloaded (0 events):
No events

Classes redefined (0 events):
No events

Internal exceptions (20 events):
Event: 4.249 Thread 0x0000022d76706b70 Exception <a 'java/lang/NoSuchMethodError'{0x00000000853d72f0}: 'java.lang.Object java.lang.invoke.DelegatingMethodHandle$Holder.reinvoke_L(java.lang.Object, java.lang.Object, java.lang.Object, java.lang.Object, java.lang.Object, java.lang.Object, java.lang.Object, java.lang.Object, java.lang.Object, java.lang.Object, java.lang.Object, java.lang.Object, java.lang.Object)'> (0x00000000853d72f0) 
thrown [s\src\hotspot\share\interpreter\linkResolver.cpp, line 784]
Event: 4.378 Thread 0x0000022d76706b70 Exception <a 'java/lang/NoSuchMethodError'{0x0000000084c6a730}: 'java.lang.Object java.lang.invoke.DirectMethodHandle$Holder.newInvokeSpecial(java.lang.Object, java.lang.Object, int)'> (0x0000000084c6a730) 
thrown [s\src\hotspot\share\interpreter\linkResolver.cpp, line 784]
Event: 4.395 Thread 0x0000022d76706b70 Exception <a 'java/lang/NoSuchMethodError'{0x0000000084cad5f8}: 'java.lang.Object java.lang.invoke.Invokers$Holder.invokeExact_MT(java.lang.Object, java.lang.Object, long, java.lang.Object)'> (0x0000000084cad5f8) 
thrown [s\src\hotspot\share\interpreter\linkResolver.cpp, line 784]
Event: 4.954 Thread 0x0000022d76706b70 Exception <a 'java/lang/NoSuchMethodError'{0x0000000085232ad0}: 'java.lang.Object java.lang.invoke.DirectMethodHandle$Holder.newInvokeSpecial(java.lang.Object, java.lang.Object, java.lang.Object, int)'> (0x0000000085232ad0) 
thrown [s\src\hotspot\share\interpreter\linkResolver.cpp, line 784]
Event: 4.955 Thread 0x0000022d76706b70 Exception <a 'java/lang/NoSuchMethodError'{0x0000000085236c50}: 'java.lang.Object java.lang.invoke.DirectMethodHandle$Holder.invokeSpecial(java.lang.Object, java.lang.Object, java.lang.Object, java.lang.Object, int)'> (0x0000000085236c50) 
thrown [s\src\hotspot\share\interpreter\linkResolver.cpp, line 784]
Event: 4.955 Thread 0x0000022d76706b70 Exception <a 'java/lang/NoSuchMethodError'{0x000000008523a398}: 'java.lang.Object java.lang.invoke.Invokers$Holder.linkToTargetMethod(java.lang.Object, java.lang.Object, int, java.lang.Object)'> (0x000000008523a398) 
thrown [s\src\hotspot\share\interpreter\linkResolver.cpp, line 784]
Event: 5.879 Thread 0x0000022d76706b70 Implicit null exception at 0x0000022d07d089c3 to 0x0000022d07d08dc4
Event: 5.879 Thread 0x0000022d76706b70 Implicit null exception at 0x0000022d07d08040 to 0x0000022d07d08078
Event: 5.981 Thread 0x0000022d76706b70 Implicit null exception at 0x0000022d07d2640c to 0x0000022d07d269c0
Event: 5.999 Thread 0x0000022d76706b70 Implicit null exception at 0x0000022d07d28400 to 0x0000022d07d28868
Event: 6.241 Thread 0x0000022d76706b70 Implicit null exception at 0x0000022d07d25420 to 0x0000022d07d2561c
Event: 6.292 Thread 0x0000022d76706b70 Implicit null exception at 0x0000022d07d1df00 to 0x0000022d07d1e138
Event: 6.477 Thread 0x0000022d76706b70 Implicit null exception at 0x0000022d07b279a0 to 0x0000022d07b27b90
Event: 8.615 Thread 0x0000022d76706b70 Exception <a 'java/lang/NoSuchMethodError'{0x0000000087f15690}: 'java.lang.Object java.lang.invoke.DirectMethodHandle$Holder.newInvokeSpecial(java.lang.Object, java.lang.Object, java.lang.Object, java.lang.Object, int)'> (0x0000000087f15690) 
thrown [s\src\hotspot\share\interpreter\linkResolver.cpp, line 784]
Event: 8.616 Thread 0x0000022d76706b70 Exception <a 'java/lang/NoSuchMethodError'{0x0000000087f19cf8}: 'java.lang.Object java.lang.invoke.DirectMethodHandle$Holder.invokeSpecial(java.lang.Object, java.lang.Object, java.lang.Object, java.lang.Object, java.lang.Object, int)'> (0x0000000087f19cf8) 
thrown [s\src\hotspot\share\interpreter\linkResolver.cpp, line 784]
Event: 8.616 Thread 0x0000022d76706b70 Exception <a 'java/lang/NoSuchMethodError'{0x0000000087f1dcd8}: 'java.lang.Object java.lang.invoke.Invokers$Holder.linkToTargetMethod(java.lang.Object, java.lang.Object, java.lang.Object, int, java.lang.Object)'> (0x0000000087f1dcd8) 
thrown [s\src\hotspot\share\interpreter\linkResolver.cpp, line 784]
Event: 9.223 Thread 0x0000022d76706b70 Exception <a 'java/lang/NoSuchMethodError'{0x00000000873c37b8}: 'java.lang.Object java.lang.invoke.DirectMethodHandle$Holder.invokeSpecial(java.lang.Object, java.lang.Object, java.lang.Object, java.lang.Object, java.lang.Object, java.lang.Object, int)'> (0x00000000873c37b8) 
thrown [s\src\hotspot\share\interpreter\linkResolver.cpp, line 784]
Event: 10.417 Thread 0x0000022d76706b70 Exception <a 'java/lang/NoSuchMethodError'{0x000000008817f718}: 'java.lang.Object java.lang.invoke.DirectMethodHandle$Holder.newInvokeSpecial(java.lang.Object, int, java.lang.Object)'> (0x000000008817f718) 
thrown [s\src\hotspot\share\interpreter\linkResolver.cpp, line 784]
Event: 10.647 Thread 0x0000022d76706b70 Implicit null exception at 0x0000022d07eff9f3 to 0x0000022d07effee0
Event: 12.255 Thread 0x0000022d76706b70 Exception <a 'java/lang/IncompatibleClassChangeError'{0x000000008a881c80}: Found class java.lang.Object, but interface was expected> (0x000000008a881c80) 
thrown [s\src\hotspot\share\interpreter\linkResolver.cpp, line 851]

ZGC Phase Switch (0 events):
No events

VM Operations (20 events):
Event: 12.102 Executing VM operation: HandshakeAllThreads (Deoptimize)
Event: 12.102 Executing VM operation: HandshakeAllThreads (Deoptimize) done
Event: 12.111 Executing VM operation: HandshakeAllThreads (Deoptimize)
Event: 12.111 Executing VM operation: HandshakeAllThreads (Deoptimize) done
Event: 12.147 Executing VM operation: ICBufferFull
Event: 12.147 Executing VM operation: ICBufferFull done
Event: 12.197 Executing VM operation: HandshakeAllThreads (Deoptimize)
Event: 12.197 Executing VM operation: HandshakeAllThreads (Deoptimize) done
Event: 12.224 Executing VM operation: HandshakeAllThreads (Deoptimize)
Event: 12.224 Executing VM operation: HandshakeAllThreads (Deoptimize) done
Event: 12.231 Executing VM operation: ICBufferFull
Event: 12.232 Executing VM operation: ICBufferFull done
Event: 12.251 Executing VM operation: HandshakeAllThreads (Deoptimize)
Event: 12.251 Executing VM operation: HandshakeAllThreads (Deoptimize) done
Event: 12.278 Executing VM operation: ICBufferFull
Event: 12.278 Executing VM operation: ICBufferFull done
Event: 12.365 Executing VM operation: HandshakeAllThreads (Deoptimize)
Event: 12.365 Executing VM operation: HandshakeAllThreads (Deoptimize) done
Event: 12.619 Executing VM operation: ICBufferFull
Event: 12.620 Executing VM operation: ICBufferFull done

Memory protections (0 events):
No events

Nmethod flushes (20 events):
Event: 10.922 Thread 0x0000022d7ed32f00 flushing  nmethod 0x0000022d00a6f390
Event: 10.922 Thread 0x0000022d7ed32f00 flushing  nmethod 0x0000022d00a7cb10
Event: 10.922 Thread 0x0000022d7ed32f00 flushing  nmethod 0x0000022d00a7e910
Event: 10.922 Thread 0x0000022d7ed32f00 flushing  nmethod 0x0000022d00a7ec90
Event: 10.922 Thread 0x0000022d7ed32f00 flushing  nmethod 0x0000022d00a81490
Event: 10.922 Thread 0x0000022d7ed32f00 flushing  nmethod 0x0000022d00a9ac10
Event: 10.922 Thread 0x0000022d7ed32f00 flushing  nmethod 0x0000022d00a9f090
Event: 10.922 Thread 0x0000022d7ed32f00 flushing  nmethod 0x0000022d00a9f410
Event: 10.922 Thread 0x0000022d7ed32f00 flushing  nmethod 0x0000022d00aa8110
Event: 10.922 Thread 0x0000022d7ed32f00 flushing  nmethod 0x0000022d00aa8890
Event: 10.922 Thread 0x0000022d7ed32f00 flushing  nmethod 0x0000022d00aa9290
Event: 10.922 Thread 0x0000022d7ed32f00 flushing  nmethod 0x0000022d00aac410
Event: 10.922 Thread 0x0000022d7ed32f00 flushing  nmethod 0x0000022d00aacd10
Event: 10.922 Thread 0x0000022d7ed32f00 flushing  nmethod 0x0000022d00aadd10
Event: 10.922 Thread 0x0000022d7ed32f00 flushing  nmethod 0x0000022d00aae890
Event: 10.922 Thread 0x0000022d7ed32f00 flushing osr nmethod 0x0000022d00adab10
Event: 10.922 Thread 0x0000022d7ed32f00 flushing  nmethod 0x0000022d00ba5090
Event: 10.922 Thread 0x0000022d7ed32f00 flushing  nmethod 0x0000022d00bdcb10
Event: 10.922 Thread 0x0000022d7ed32f00 flushing  nmethod 0x0000022d00bded90
Event: 10.922 Thread 0x0000022d7ed32f00 flushing  nmethod 0x0000022d00bdf110

Events (20 events):
Event: 0.020 Thread 0x0000022d76706b70 Thread added: 0x0000022d76706b70
Event: 0.089 Thread 0x0000022d76706b70 Thread added: 0x0000022d7eee1f40
Event: 0.099 Thread 0x0000022d76706b70 Thread added: 0x0000022d7eeeb8f0
Event: 0.099 Thread 0x0000022d76706b70 Thread added: 0x0000022d7eeec350
Event: 0.102 Thread 0x0000022d76706b70 Thread added: 0x0000022d7eeed150
Event: 0.102 Thread 0x0000022d76706b70 Thread added: 0x0000022d7ef0f060
Event: 0.102 Thread 0x0000022d76706b70 Thread added: 0x0000022d7ef0fac0
Event: 0.102 Thread 0x0000022d76706b70 Thread added: 0x0000022d7ef10520
Event: 0.102 Thread 0x0000022d76706b70 Thread added: 0x0000022d7ef06740
Event: 0.103 Thread 0x0000022d76706b70 Thread added: 0x0000022d7ef1a8a0
Event: 0.171 Thread 0x0000022d76706b70 Thread added: 0x0000022d7f0a9580
Event: 0.191 Loaded shared library C:\Program Files\Android\Android Studio\jbr\bin\net.dll
Event: 0.193 Loaded shared library C:\Program Files\Android\Android Studio\jbr\bin\nio.dll
Event: 0.222 Thread 0x0000022d7ef06740 Thread added: 0x0000022d7f12acd0
Event: 0.244 Loaded shared library C:\Program Files\Android\Android Studio\jbr\bin\zip.dll
Event: 0.298 Loaded shared library C:\Program Files\Android\Android Studio\jbr\bin\jimage.dll
Event: 2.027 Thread 0x0000022d7f12acd0 Thread exited: 0x0000022d7f12acd0
Event: 3.340 Thread 0x0000022d7ef06740 Thread added: 0x0000022d13711980
Event: 3.969 Thread 0x0000022d13711980 Thread exited: 0x0000022d13711980
Event: 4.038 Thread 0x0000022d7ef06740 Thread added: 0x0000022d150c61a0


Dynamic libraries:
0x00007ff6c8930000 - 0x00007ff6c893a000 	C:\Program Files\Android\Android Studio\jbr\bin\java.exe
0x00007ffc8f410000 - 0x00007ffc8f608000 	C:\Windows\SYSTEM32\ntdll.dll
0x00007ffc8f300000 - 0x00007ffc8f3c2000 	C:\Windows\System32\KERNEL32.DLL
0x00007ffc8caa0000 - 0x00007ffc8cd96000 	C:\Windows\System32\KERNELBASE.dll
0x00007ffc8cda0000 - 0x00007ffc8cea0000 	C:\Windows\System32\ucrtbase.dll
0x00007ffc77ea0000 - 0x00007ffc77eb8000 	C:\Program Files\Android\Android Studio\jbr\bin\jli.dll
0x00007ffc8e790000 - 0x00007ffc8e931000 	C:\Windows\System32\USER32.dll
0x00007ffc8d180000 - 0x00007ffc8d1a2000 	C:\Windows\System32\win32u.dll
0x00007ffc8d890000 - 0x00007ffc8d8bb000 	C:\Windows\System32\GDI32.dll
0x00007ffc8d1b0000 - 0x00007ffc8d2c9000 	C:\Windows\System32\gdi32full.dll
0x00007ffc8cfd0000 - 0x00007ffc8d06d000 	C:\Windows\System32\msvcp_win.dll
0x00007ffc77480000 - 0x00007ffc7749b000 	C:\Program Files\Android\Android Studio\jbr\bin\VCRUNTIME140.dll
0x00007ffc76970000 - 0x00007ffc76c0b000 	C:\Windows\WinSxS\amd64_microsoft.windows.common-controls_6595b64144ccf1df_6.0.19041.6456_none_60b8a6cb71f64256\COMCTL32.dll
0x00007ffc8d7f0000 - 0x00007ffc8d88e000 	C:\Windows\System32\msvcrt.dll
0x00007ffc8e250000 - 0x00007ffc8e27f000 	C:\Windows\System32\IMM32.DLL
0x00007ffc835f0000 - 0x00007ffc835fc000 	C:\Program Files\Android\Android Studio\jbr\bin\vcruntime140_1.dll
0x00007ffc58680000 - 0x00007ffc5870d000 	C:\Program Files\Android\Android Studio\jbr\bin\msvcp140.dll
0x00007ffc31e90000 - 0x00007ffc32b1e000 	C:\Program Files\Android\Android Studio\jbr\bin\server\jvm.dll
0x00007ffc8d990000 - 0x00007ffc8da41000 	C:\Windows\System32\ADVAPI32.dll
0x00007ffc8d490000 - 0x00007ffc8d52f000 	C:\Windows\System32\sechost.dll
0x00007ffc8e940000 - 0x00007ffc8ea60000 	C:\Windows\System32\RPCRT4.dll
0x00007ffc8cf50000 - 0x00007ffc8cf77000 	C:\Windows\System32\bcrypt.dll
0x00007ffc8d770000 - 0x00007ffc8d7db000 	C:\Windows\System32\WS2_32.dll
0x00007ffc8c900000 - 0x00007ffc8c94b000 	C:\Windows\SYSTEM32\POWRPROF.dll
0x00007ffc83370000 - 0x00007ffc8337a000 	C:\Windows\SYSTEM32\VERSION.dll
0x00007ffc76720000 - 0x00007ffc76747000 	C:\Windows\SYSTEM32\WINMM.dll
0x00007ffc8c8e0000 - 0x00007ffc8c8f2000 	C:\Windows\SYSTEM32\UMPDC.dll
0x00007ffc8b270000 - 0x00007ffc8b282000 	C:\Windows\SYSTEM32\kernel.appcore.dll
0x00007ffc7ed20000 - 0x00007ffc7ed2a000 	C:\Program Files\Android\Android Studio\jbr\bin\jimage.dll
0x00007ffc8a090000 - 0x00007ffc8a291000 	C:\Windows\SYSTEM32\DBGHELP.DLL
0x00007ffc644e0000 - 0x00007ffc64514000 	C:\Windows\SYSTEM32\dbgcore.DLL
0x00007ffc8d070000 - 0x00007ffc8d0f2000 	C:\Windows\System32\bcryptPrimitives.dll
0x00007ffc70780000 - 0x00007ffc707a0000 	C:\Program Files\Android\Android Studio\jbr\bin\java.dll
0x00007ffc6d3b0000 - 0x00007ffc6d3c8000 	C:\Program Files\Android\Android Studio\jbr\bin\zip.dll
0x00007ffc8eb80000 - 0x00007ffc8f2f0000 	C:\Windows\System32\SHELL32.dll
0x00007ffc8aab0000 - 0x00007ffc8b255000 	C:\Windows\SYSTEM32\windows.storage.dll
0x00007ffc8e430000 - 0x00007ffc8e784000 	C:\Windows\System32\combase.dll
0x00007ffc8c300000 - 0x00007ffc8c32b000 	C:\Windows\SYSTEM32\Wldp.dll
0x00007ffc8d8c0000 - 0x00007ffc8d98d000 	C:\Windows\System32\OLEAUT32.dll
0x00007ffc8d530000 - 0x00007ffc8d5dd000 	C:\Windows\System32\SHCORE.dll
0x00007ffc8eac0000 - 0x00007ffc8eb1b000 	C:\Windows\System32\shlwapi.dll
0x00007ffc8c9d0000 - 0x00007ffc8c9f4000 	C:\Windows\SYSTEM32\profapi.dll
0x00007ffc7dd90000 - 0x00007ffc7dda0000 	C:\Program Files\Android\Android Studio\jbr\bin\net.dll
0x00007ffc82ee0000 - 0x00007ffc82fea000 	C:\Windows\SYSTEM32\WINHTTP.dll
0x00007ffc8c0f0000 - 0x00007ffc8c15a000 	C:\Windows\system32\mswsock.dll
0x00007ffc64810000 - 0x00007ffc64826000 	C:\Program Files\Android\Android Studio\jbr\bin\nio.dll
0x00007ffc76c10000 - 0x00007ffc76c20000 	C:\Program Files\Android\Android Studio\jbr\bin\verify.dll

dbghelp: loaded successfully - version: 4.0.5 - missing functions: none
symbol engine: initialized successfully - sym options: 0x614 - pdb path: .;C:\Program Files\Android\Android Studio\jbr\bin;C:\Windows\SYSTEM32;C:\Windows\WinSxS\amd64_microsoft.windows.common-controls_6595b64144ccf1df_6.0.19041.6456_none_60b8a6cb71f64256;C:\Program Files\Android\Android Studio\jbr\bin\server

VM Arguments:
java_command: org.jetbrains.kotlin.cli.jvm.K2JVMCompiler @C:\Android_Apps\Jetpackdemo\app\build\20260225_15969111063614128273.compiler.options
java_class_path (initial): C:\Users\DELL\.gradle\caches\modules-2\files-2.1\org.jetbrains.kotlin\kotlin-compiler-embeddable\1.9.0\2c8c3a7402becca891f12739b3e9fd2dc2adbd7a\kotlin-compiler-embeddable-1.9.0.jar;C:\Users\DELL\.gradle\caches\modules-2\files-2.1\org.jetbrains.kotlin\kotlin-stdlib\1.9.0\8ee15ef0c67dc83d874f412d84378d7f0eb50b63\kotlin-stdlib-1.9.0.jar;C:\Users\DELL\.gradle\caches\modules-2\files-2.1\org.jetbrains.kotlin\kotlin-script-runtime\1.9.0\4b3102cbbb7e1b58d9d1adf89563f00069ffa7d1\kotlin-script-runtime-1.9.0.jar;C:\Users\DELL\.gradle\caches\modules-2\files-2.1\org.jetbrains.kotlin\kotlin-reflect\1.6.10\1cbe9c92c12a94eea200d23c2bbaedaf3daf5132\kotlin-reflect-1.6.10.jar;C:\Users\DELL\.gradle\caches\modules-2\files-2.1\org.jetbrains.kotlin\kotlin-daemon-embeddable\1.9.0\186543f5e28cf8d9a0290fecc2cf34301c40a65c\kotlin-daemon-embeddable-1.9.0.jar;C:\Users\DELL\.gradle\caches\modules-2\files-2.1\org.jetbrains.intellij.deps\trove4j\1.0.20200330\3afb14d5f9ceb459d724e907a21145e8ff394f02\trove4j-1.0.20200330.jar;C:\Users\DELL\.gradle\caches\modules-2\files-2.1\org.jetbrains.kotlin\kotlin-stdlib-common\1.9.0\cd65c21cfd1eec4d44ef09f9f52b6d9f8a720636\kotlin-stdlib-common-1.9.0.jar;C:\Users\DELL\.gradle\caches\modules-2\files-2.1\org.jetbrains\annotations\13.0\919f0dfe192fb4e063e7dacadee7f8bb9a2672a9\annotations-13.0.jar
Launcher Type: SUN_STANDARD

[Global flags]
     intx CICompilerCount                          = 4                                         {product} {ergonomic}
     uint ConcGCThreads                            = 2                                         {product} {ergonomic}
     uint G1ConcRefinementThreads                  = 8                                         {product} {ergonomic}
   size_t G1HeapRegionSize                         = 1048576                                   {product} {ergonomic}
    uintx GCDrainStackTargetSize                   = 64                                        {product} {ergonomic}
   size_t InitialHeapSize                          = 132120576                                 {product} {ergonomic}
   size_t MarkStackSize                            = 4194304                                   {product} {ergonomic}
   size_t MaxHeapSize                              = 2109734912                                {product} {ergonomic}
   size_t MaxNewSize                               = 1265631232                                {product} {ergonomic}
   size_t MinHeapDeltaBytes                        = 1048576                                   {product} {ergonomic}
   size_t MinHeapSize                              = 8388608                                   {product} {ergonomic}
    uintx NonNMethodCodeHeapSize                   = 5839372                                {pd product} {ergonomic}
    uintx NonProfiledCodeHeapSize                  = 122909434                              {pd product} {ergonomic}
    uintx ProfiledCodeHeapSize                     = 122909434                              {pd product} {ergonomic}
    uintx ReservedCodeCacheSize                    = 251658240                              {pd product} {ergonomic}
     bool SegmentedCodeCache                       = true                                      {product} {ergonomic}
   size_t SoftMaxHeapSize                          = 2109734912                             {manageable} {ergonomic}
     bool UseCompressedOops                        = true                           {product lp64_product} {ergonomic}
     bool UseG1GC                                  = true                                      {product} {ergonomic}
     bool UseLargePagesIndividualAllocation        = false                                  {pd product} {ergonomic}

Logging:
Log output configuration:
 #0: stdout all=warning uptime,level,tags foldmultilines=false
 #1: stderr all=off uptime,level,tags foldmultilines=false

Environment Variables:
JAVA_HOME=C:\Program Files\Eclipse Adoptium\jdk-17.0.18.8-hotspot\
PATH=C:\Program Files\Eclipse Adoptium\jdk-17.0.18.8-hotspot\bin;C:\Windows\system32;C:\Windows;C:\Windows\System32\Wbem;C:\Windows\System32\WindowsPowerShell\v1.0\;C:\Windows\System32\OpenSSH\;C:\Program Files\Git\cmd;C:\Program Files\nodejs\;C:\ngrok;D:\PostgreSQL\bin;C:\Users\DELL\AppData\Roaming\Python\Python313\Scripts;C:\xampp\php;C:\ProgramData\ComposerSetup\bin;C:\Users\DELL\.local\bin;D:\cursor\resources\app\bin;C:\Program Files\Docker\Docker\resources\bin;C:\Program Files\Microsoft SQL Server\170\Tools\Binn\;C:\Program Files\Microsoft SQL Server\Client SDK\ODBC\170\Tools\Binn\;C:\Program Files\dotnet\;D:\flutter\bin;D:\Android\sdk\platform-tools;D:\Android\sdk\cmdline-tools\latest\bin;C:\Users\DELL\AppData\Local\Programs\Python\Python311\Scripts\;C:\Users\DELL\AppData\Local\Programs\Python\Python311\;C:\Users\DELL\AppData\Local\Programs\Python\Python313\Scripts\;C:\Users\DELL\AppData\Local\Programs\Python\Python313\;C:\Users\DELL\AppData\Local\Programs\Python\Launcher\;C:\Users\DELL\AppData\Local\Microsoft\WindowsApps;C:\Users\DELL\AppData\Local\Programs\Microsoft VS Code\bin;C:\Users\DELL\AppData\Roaming\npm;C:\Users\DELL\AppData\Roaming\Composer\vendor\bin;D:\Antigravity\bin;C:\Users\DELL\.dotnet\tools
USERNAME=DELL
OS=Windows_NT
PROCESSOR_IDENTIFIER=Intel64 Family 6 Model 142 Stepping 10, GenuineIntel
TMP=C:\Users\DELL\AppData\Local\Temp
TEMP=C:\Users\DELL\AppData\Local\Temp




Periodic native trim disabled

JNI global refs:
JNI global refs: 13, weak refs: 15

JNI global refs memory usage: 835, weak refs: 833

Process memory usage:
Resident Set Size: 361676K (4% of 8239396K total physical memory with 282312K free physical memory)

OOME stack traces (most recent first):
Classloader memory used:
Loader jdk.internal.loader.ClassLoaders$AppClassLoader                                 : 52932K
Loader bootstrap                                                                       : 12721K
Loader java.net.URLClassLoader                                                         : 602K

---------------  S Y S T E M  ---------------

OS:
 Windows 10 , 64 bit Build 19041 (10.0.19041.5915)
OS uptime: 0 days 21:31 hours
Hyper-V role detected

CPU: total 8 (initial active 8) (4 cores per cpu, 2 threads per core) family 6 model 142 stepping 10 microcode 0xea, cx8, cmov, fxsr, ht, mmx, 3dnowpref, sse, sse2, sse3, ssse3, sse4.1, sse4.2, popcnt, lzcnt, tsc, tscinvbit, avx, avx2, aes, erms, clmul, bmi1, bmi2, rtm, adx, fma, vzeroupper, clflush, clflushopt, hv, rdtscp, f16c
Processor Information for the first 8 processors :
  Max Mhz: 1896, Current Mhz: 1696, Mhz Limit: 1687

Memory: 4k page, system-wide physical 8046M (274M free)
TotalPageFile size 22530M (AvailPageFile size 4M)
current process WorkingSet (physical memory assigned to process): 353M, peak: 353M
current process commit charge ("private bytes"): 400M, peak: 401M

vm_info: OpenJDK 64-Bit Server VM (21.0.7+-13880790-b1038.58) for windows-amd64 JRE (21.0.7+-13880790-b1038.58), built on 2025-08-04T20:56:21Z by "builder" with MS VC++ 16.10 / 16.11 (VS2019)

END.
