#
# There is insufficient memory for the Java Runtime Environment to continue.
# Native memory allocation (malloc) failed to allocate 1457616 bytes. Error detail: Chunk::new
# Possible reasons:
#   The system is out of physical RAM or swap space
#   This process is running with CompressedOops enabled, and the Java Heap may be blocking the growth of the native heap
# Possible solutions:
#   Reduce memory load on the system
#   Increase physical memory or swap space
#   Check if swap backing store is full
#   Decrease Java heap size (-Xmx/-Xms)
#   Decrease number of Java threads
#   Decrease Java thread stack sizes (-Xss)
#   Set larger code cache with -XX:ReservedCodeCacheSize=
#   JVM is running with Unscaled Compressed Oops mode in which the Java heap is
#     placed in the first 4GB address space. The Java Heap base address is the
#     maximum limit for the native heap growth. Please use -XX:HeapBaseMinAddress
#     to set the Java Heap base and to place the Java Heap above 4GB virtual address.
# This output file may be truncated or incomplete.
#
#  Out of Memory Error (arena.cpp:168), pid=5860, tid=13332
#
# JRE version: OpenJDK Runtime Environment (21.0.7) (build 21.0.7+-13880790-b1038.58)
# Java VM: OpenJDK 64-Bit Server VM (21.0.7+-13880790-b1038.58, mixed mode, tiered, compressed oops, compressed class ptrs, g1 gc, windows-amd64)
# No core dump will be written. Minidumps are not enabled by default on client versions of Windows
#

---------------  S U M M A R Y ------------

Command Line: org.jetbrains.kotlin.cli.jvm.K2JVMCompiler @C:\Android_Apps\Jetpackdemo\app\build\20260225_13902929130885480059.compiler.options

Host: Intel(R) Core(TM) i5-8350U CPU @ 1.70GHz, 8 cores, 7G,  Windows 10 , 64 bit Build 19041 (10.0.19041.5915)
Time: Wed Feb 25 13:26:27 2026 India Standard Time elapsed time: 62.802610 seconds (0d 0h 1m 2s)

---------------  T H R E A D  ---------------

Current thread (0x000001a81ec37f20):  JavaThread "C2 CompilerThread0" daemon [_thread_in_native, id=13332, stack(0x0000009d35700000,0x0000009d35800000) (1024K)]


Current CompileTask:
C2:62802 16772       4       org.jetbrains.kotlin.resolve.calls.smartcasts.IdentifierInfoKt::getIdForSimpleNameExpression (280 bytes)

Stack: [0x0000009d35700000,0x0000009d35800000]
Native frames: (J=compiled Java code, j=interpreted, Vv=VM code, C=native code)
V  [jvm.dll+0x6d25c9]
V  [jvm.dll+0x860923]
V  [jvm.dll+0x862e7e]
V  [jvm.dll+0x863563]
V  [jvm.dll+0x27f156]
V  [jvm.dll+0xc002d]
V  [jvm.dll+0xc0563]
V  [jvm.dll+0x3b6d01]
V  [jvm.dll+0x382c27]
V  [jvm.dll+0x38209a]
V  [jvm.dll+0x247e72]
V  [jvm.dll+0x247441]
V  [jvm.dll+0x1c5fb4]
V  [jvm.dll+0x256bac]
V  [jvm.dll+0x2550f6]
V  [jvm.dll+0x3f1d16]
V  [jvm.dll+0x808d08]
V  [jvm.dll+0x6d0e1d]
C  [ucrtbase.dll+0x21bb2]
C  [KERNEL32.DLL+0x17374]
C  [ntdll.dll+0x4cc91]


---------------  P R O C E S S  ---------------

Threads class SMR info:
_java_thread_list=0x000001a8283a1cc0, length=11, elements={
0x000001a8074191b0, 0x000001a81ebe1530, 0x000001a81ec0c920, 0x000001a81ec0f390,
0x000001a81ec30460, 0x000001a81ec30ec0, 0x000001a81ec31920, 0x000001a81ec2f390,
0x000001a81ec37f20, 0x000001a81ec41f70, 0x000001a81edd2d80
}

Java Threads: ( => current thread )
  0x000001a8074191b0 JavaThread "main"                              [_thread_in_Java, id=12168, stack(0x0000009d34800000,0x0000009d34900000) (1024K)]
  0x000001a81ebe1530 JavaThread "Common-Cleaner"             daemon [_thread_blocked, id=12704, stack(0x0000009d35000000,0x0000009d35100000) (1024K)]
  0x000001a81ec0c920 JavaThread "Reference Handler"          daemon [_thread_blocked, id=10308, stack(0x0000009d35100000,0x0000009d35200000) (1024K)]
  0x000001a81ec0f390 JavaThread "Finalizer"                  daemon [_thread_blocked, id=18620, stack(0x0000009d35200000,0x0000009d35300000) (1024K)]
  0x000001a81ec30460 JavaThread "Signal Dispatcher"          daemon [_thread_blocked, id=14516, stack(0x0000009d35300000,0x0000009d35400000) (1024K)]
  0x000001a81ec30ec0 JavaThread "Attach Listener"            daemon [_thread_blocked, id=4556, stack(0x0000009d35400000,0x0000009d35500000) (1024K)]
  0x000001a81ec31920 JavaThread "Service Thread"             daemon [_thread_blocked, id=17312, stack(0x0000009d35500000,0x0000009d35600000) (1024K)]
  0x000001a81ec2f390 JavaThread "Monitor Deflation Thread"   daemon [_thread_blocked, id=19424, stack(0x0000009d35600000,0x0000009d35700000) (1024K)]
=>0x000001a81ec37f20 JavaThread "C2 CompilerThread0"         daemon [_thread_in_native, id=13332, stack(0x0000009d35700000,0x0000009d35800000) (1024K)]
  0x000001a81ec41f70 JavaThread "C1 CompilerThread0"         daemon [_thread_in_native, id=18588, stack(0x0000009d35800000,0x0000009d35900000) (1024K)]
  0x000001a81edd2d80 JavaThread "Notification Thread"        daemon [_thread_blocked, id=21832, stack(0x0000009d35900000,0x0000009d35a00000) (1024K)]
Total: 11

Other Threads:
  0x000001a81ea54ec0 VMThread "VM Thread"                           [id=14808, stack(0x0000009d34f00000,0x0000009d35000000) (1024K)]
  0x000001a81e9f3330 WatcherThread "VM Periodic Task Thread"        [id=19852, stack(0x0000009d34e00000,0x0000009d34f00000) (1024K)]
  0x000001a807473b70 WorkerThread "GC Thread#0"                     [id=22484, stack(0x0000009d34900000,0x0000009d34a00000) (1024K)]
  0x000001a8234799e0 WorkerThread "GC Thread#1"                     [id=19080, stack(0x0000009d35a00000,0x0000009d35b00000) (1024K)]
  0x000001a82340e670 WorkerThread "GC Thread#2"                     [id=8032, stack(0x0000009d35b00000,0x0000009d35c00000) (1024K)]
  0x000001a82356d720 WorkerThread "GC Thread#3"                     [id=22064, stack(0x0000009d35c00000,0x0000009d35d00000) (1024K)]
  0x000001a82356dac0 WorkerThread "GC Thread#4"                     [id=22312, stack(0x0000009d35d00000,0x0000009d35e00000) (1024K)]
  0x000001a8236c6b70 WorkerThread "GC Thread#5"                     [id=15240, stack(0x0000009d35e00000,0x0000009d35f00000) (1024K)]
  0x000001a823992770 WorkerThread "GC Thread#6"                     [id=16084, stack(0x0000009d35f00000,0x0000009d36000000) (1024K)]
  0x000001a823993d30 WorkerThread "GC Thread#7"                     [id=20020, stack(0x0000009d36000000,0x0000009d36100000) (1024K)]
  0x000001a807484f60 ConcurrentGCThread "G1 Main Marker"            [id=10992, stack(0x0000009d34a00000,0x0000009d34b00000) (1024K)]
  0x000001a807486110 WorkerThread "G1 Conc#0"                       [id=2148, stack(0x0000009d34b00000,0x0000009d34c00000) (1024K)]
  0x000001a823992b10 WorkerThread "G1 Conc#1"                       [id=17280, stack(0x0000009d36100000,0x0000009d36200000) (1024K)]
  0x000001a8074eeb50 ConcurrentGCThread "G1 Refine#0"               [id=20268, stack(0x0000009d34c00000,0x0000009d34d00000) (1024K)]
  0x000001a81e8c4730 ConcurrentGCThread "G1 Service"                [id=1968, stack(0x0000009d34d00000,0x0000009d34e00000) (1024K)]
Total: 15

Threads with active compile tasks:
C2 CompilerThread0  62860 16772       4       org.jetbrains.kotlin.resolve.calls.smartcasts.IdentifierInfoKt::getIdForSimpleNameExpression (280 bytes)
C1 CompilerThread0  62860 16801       3       org.jetbrains.kotlin.resolve.constants.evaluate.ConstantExpressionEvaluator::getAnnotationArgumentValue (278 bytes)
Total: 2

VM state: not at safepoint (normal execution)

VM Mutex/Monitor currently owned by a thread: None

Heap address: 0x0000000082400000, size: 2012 MB, Compressed Oops mode: 32-bit

CDS archive(s) not mapped
Compressed class space mapped at: 0x0000000100000000-0x0000000140000000, reserved size: 1073741824
Narrow klass base: 0x0000000000000000, Narrow klass shift: 3, Narrow klass range: 0x140000000

GC Precious Log:
 CardTable entry size: 512
 Card Set container configuration: InlinePtr #cards 5 size 8 Array Of Cards #cards 12 size 40 Howl #buckets 4 coarsen threshold 1843 Howl Bitmap #cards 512 size 80 coarsen threshold 460 Card regions per heap region 1 cards per card region 2048
 CPUs: 8 total, 8 available
 Memory: 8046M
 Large Page Support: Disabled
 NUMA Support: Disabled
 Compressed Oops: Enabled (32-bit)
 Heap Region Size: 1M
 Heap Min Capacity: 8M
 Heap Initial Capacity: 126M
 Heap Max Capacity: 2012M
 Pre-touch: Disabled
 Parallel Workers: 8
 Concurrent Workers: 2
 Concurrent Refinement Workers: 8
 Periodic GC: Disabled

Heap:
 garbage-first heap   total 266240K, used 220476K [0x0000000082400000, 0x0000000100000000)
  region size 1024K, 63 young (64512K), 7 survivors (7168K)
 Metaspace       used 71933K, committed 72768K, reserved 1114112K
  class space    used 7919K, committed 8320K, reserved 1048576K

Heap Regions: E=young(eden), S=young(survivor), O=old, HS=humongous(starts), HC=humongous(continues), CS=collection set, F=free, TAMS=top-at-mark-start, PB=parsable bottom
|   0|0x0000000082400000, 0x0000000082500000, 0x0000000082500000|100%|HS|  |TAMS 0x0000000082400000| PB 0x0000000082400000| Complete 
|   1|0x0000000082500000, 0x0000000082600000, 0x0000000082600000|100%|HC|  |TAMS 0x0000000082500000| PB 0x0000000082500000| Complete 
|   2|0x0000000082600000, 0x0000000082700000, 0x0000000082700000|100%|HC|  |TAMS 0x0000000082600000| PB 0x0000000082600000| Complete 
|   3|0x0000000082700000, 0x0000000082800000, 0x0000000082800000|100%|HC|  |TAMS 0x0000000082700000| PB 0x0000000082700000| Complete 
|   4|0x0000000082800000, 0x0000000082900000, 0x0000000082900000|100%| O|  |TAMS 0x0000000082800000| PB 0x0000000082800000| Untracked 
|   5|0x0000000082900000, 0x0000000082a00000, 0x0000000082a00000|100%| O|  |TAMS 0x0000000082900000| PB 0x0000000082900000| Untracked 
|   6|0x0000000082a00000, 0x0000000082b00000, 0x0000000082b00000|100%| O|  |TAMS 0x0000000082a00000| PB 0x0000000082a00000| Untracked 
|   7|0x0000000082b00000, 0x0000000082c00000, 0x0000000082c00000|100%| O|  |TAMS 0x0000000082b00000| PB 0x0000000082b00000| Untracked 
|   8|0x0000000082c00000, 0x0000000082d00000, 0x0000000082d00000|100%| O|  |TAMS 0x0000000082c00000| PB 0x0000000082c00000| Untracked 
|   9|0x0000000082d00000, 0x0000000082e00000, 0x0000000082e00000|100%| O|  |TAMS 0x0000000082d00000| PB 0x0000000082d00000| Untracked 
|  10|0x0000000082e00000, 0x0000000082f00000, 0x0000000082f00000|100%| O|  |TAMS 0x0000000082e00000| PB 0x0000000082e00000| Untracked 
|  11|0x0000000082f00000, 0x0000000083000000, 0x0000000083000000|100%| O|  |TAMS 0x0000000082f00000| PB 0x0000000082f00000| Untracked 
|  12|0x0000000083000000, 0x0000000083100000, 0x0000000083100000|100%| O|  |TAMS 0x0000000083000000| PB 0x0000000083000000| Untracked 
|  13|0x0000000083100000, 0x0000000083200000, 0x0000000083200000|100%| O|  |TAMS 0x0000000083100000| PB 0x0000000083100000| Untracked 
|  14|0x0000000083200000, 0x0000000083300000, 0x0000000083300000|100%| O|Cm|TAMS 0x0000000083200000| PB 0x0000000083200000| Complete 
|  15|0x0000000083300000, 0x0000000083400000, 0x0000000083400000|100%| O|  |TAMS 0x0000000083300000| PB 0x0000000083300000| Untracked 
|  16|0x0000000083400000, 0x0000000083500000, 0x0000000083500000|100%| O|  |TAMS 0x0000000083400000| PB 0x0000000083400000| Untracked 
|  17|0x0000000083500000, 0x0000000083600000, 0x0000000083600000|100%| O|  |TAMS 0x0000000083500000| PB 0x0000000083500000| Untracked 
|  18|0x0000000083600000, 0x0000000083700000, 0x0000000083700000|100%| O|  |TAMS 0x0000000083600000| PB 0x0000000083600000| Untracked 
|  19|0x0000000083700000, 0x0000000083800000, 0x0000000083800000|100%| O|  |TAMS 0x0000000083700000| PB 0x0000000083700000| Untracked 
|  20|0x0000000083800000, 0x0000000083900000, 0x0000000083900000|100%| O|  |TAMS 0x0000000083800000| PB 0x0000000083800000| Untracked 
|  21|0x0000000083900000, 0x0000000083a00000, 0x0000000083a00000|100%| O|  |TAMS 0x0000000083900000| PB 0x0000000083900000| Untracked 
|  22|0x0000000083a00000, 0x0000000083b00000, 0x0000000083b00000|100%| O|  |TAMS 0x0000000083a00000| PB 0x0000000083a00000| Untracked 
|  23|0x0000000083b00000, 0x0000000083c00000, 0x0000000083c00000|100%| O|  |TAMS 0x0000000083b00000| PB 0x0000000083b00000| Untracked 
|  24|0x0000000083c00000, 0x0000000083d00000, 0x0000000083d00000|100%| O|  |TAMS 0x0000000083c00000| PB 0x0000000083c00000| Untracked 
|  25|0x0000000083d00000, 0x0000000083e00000, 0x0000000083e00000|100%|HS|  |TAMS 0x0000000083d00000| PB 0x0000000083d00000| Complete 
|  26|0x0000000083e00000, 0x0000000083f00000, 0x0000000083f00000|100%|HC|  |TAMS 0x0000000083e00000| PB 0x0000000083e00000| Complete 
|  27|0x0000000083f00000, 0x0000000084000000, 0x0000000084000000|100%| O|  |TAMS 0x0000000083f00000| PB 0x0000000083f00000| Untracked 
|  28|0x0000000084000000, 0x0000000084100000, 0x0000000084100000|100%| O|  |TAMS 0x0000000084000000| PB 0x0000000084000000| Untracked 
|  29|0x0000000084100000, 0x0000000084200000, 0x0000000084200000|100%| O|  |TAMS 0x0000000084100000| PB 0x0000000084100000| Untracked 
|  30|0x0000000084200000, 0x0000000084300000, 0x0000000084300000|100%| O|  |TAMS 0x0000000084200000| PB 0x0000000084200000| Untracked 
|  31|0x0000000084300000, 0x0000000084400000, 0x0000000084400000|100%| O|  |TAMS 0x0000000084300000| PB 0x0000000084300000| Untracked 
|  32|0x0000000084400000, 0x0000000084500000, 0x0000000084500000|100%| O|  |TAMS 0x0000000084400000| PB 0x0000000084400000| Untracked 
|  33|0x0000000084500000, 0x0000000084600000, 0x0000000084600000|100%| O|  |TAMS 0x0000000084500000| PB 0x0000000084500000| Untracked 
|  34|0x0000000084600000, 0x0000000084700000, 0x0000000084700000|100%| O|  |TAMS 0x0000000084600000| PB 0x0000000084600000| Untracked 
|  35|0x0000000084700000, 0x0000000084800000, 0x0000000084800000|100%|HS|  |TAMS 0x0000000084700000| PB 0x0000000084700000| Complete 
|  36|0x0000000084800000, 0x0000000084900000, 0x0000000084900000|100%|HC|  |TAMS 0x0000000084800000| PB 0x0000000084800000| Complete 
|  37|0x0000000084900000, 0x0000000084a00000, 0x0000000084a00000|100%| O|  |TAMS 0x0000000084900000| PB 0x0000000084900000| Untracked 
|  38|0x0000000084a00000, 0x0000000084b00000, 0x0000000084b00000|100%| O|  |TAMS 0x0000000084a00000| PB 0x0000000084a00000| Untracked 
|  39|0x0000000084b00000, 0x0000000084c00000, 0x0000000084c00000|100%| O|  |TAMS 0x0000000084b00000| PB 0x0000000084b00000| Untracked 
|  40|0x0000000084c00000, 0x0000000084d00000, 0x0000000084d00000|100%| O|  |TAMS 0x0000000084c00000| PB 0x0000000084c00000| Untracked 
|  41|0x0000000084d00000, 0x0000000084e00000, 0x0000000084e00000|100%| O|  |TAMS 0x0000000084d00000| PB 0x0000000084d00000| Untracked 
|  42|0x0000000084e00000, 0x0000000084f00000, 0x0000000084f00000|100%| O|  |TAMS 0x0000000084e00000| PB 0x0000000084e00000| Untracked 
|  43|0x0000000084f00000, 0x0000000085000000, 0x0000000085000000|100%| O|  |TAMS 0x0000000084f00000| PB 0x0000000084f00000| Untracked 
|  44|0x0000000085000000, 0x0000000085100000, 0x0000000085100000|100%| O|  |TAMS 0x0000000085000000| PB 0x0000000085000000| Untracked 
|  45|0x0000000085100000, 0x0000000085200000, 0x0000000085200000|100%| O|  |TAMS 0x0000000085100000| PB 0x0000000085100000| Untracked 
|  46|0x0000000085200000, 0x0000000085300000, 0x0000000085300000|100%| O|  |TAMS 0x0000000085200000| PB 0x0000000085200000| Untracked 
|  47|0x0000000085300000, 0x0000000085400000, 0x0000000085400000|100%| O|  |TAMS 0x0000000085300000| PB 0x0000000085300000| Untracked 
|  48|0x0000000085400000, 0x0000000085500000, 0x0000000085500000|100%| O|  |TAMS 0x0000000085400000| PB 0x0000000085400000| Untracked 
|  49|0x0000000085500000, 0x0000000085600000, 0x0000000085600000|100%| O|  |TAMS 0x0000000085500000| PB 0x0000000085500000| Untracked 
|  50|0x0000000085600000, 0x0000000085700000, 0x0000000085700000|100%| O|  |TAMS 0x0000000085600000| PB 0x0000000085600000| Untracked 
|  51|0x0000000085700000, 0x0000000085800000, 0x0000000085800000|100%| O|  |TAMS 0x0000000085700000| PB 0x0000000085700000| Untracked 
|  52|0x0000000085800000, 0x0000000085900000, 0x0000000085900000|100%| O|  |TAMS 0x0000000085800000| PB 0x0000000085800000| Untracked 
|  53|0x0000000085900000, 0x0000000085a00000, 0x0000000085a00000|100%|HS|  |TAMS 0x0000000085900000| PB 0x0000000085900000| Complete 
|  54|0x0000000085a00000, 0x0000000085b00000, 0x0000000085b00000|100%|HC|  |TAMS 0x0000000085a00000| PB 0x0000000085a00000| Complete 
|  55|0x0000000085b00000, 0x0000000085c00000, 0x0000000085c00000|100%| O|  |TAMS 0x0000000085b00000| PB 0x0000000085b00000| Untracked 
|  56|0x0000000085c00000, 0x0000000085d00000, 0x0000000085d00000|100%| O|  |TAMS 0x0000000085c00000| PB 0x0000000085c00000| Untracked 
|  57|0x0000000085d00000, 0x0000000085e00000, 0x0000000085e00000|100%| O|  |TAMS 0x0000000085d00000| PB 0x0000000085d00000| Untracked 
|  58|0x0000000085e00000, 0x0000000085f00000, 0x0000000085f00000|100%| O|  |TAMS 0x0000000085e00000| PB 0x0000000085e00000| Untracked 
|  59|0x0000000085f00000, 0x0000000086000000, 0x0000000086000000|100%| O|  |TAMS 0x0000000085f00000| PB 0x0000000085f00000| Untracked 
|  60|0x0000000086000000, 0x0000000086100000, 0x0000000086100000|100%| O|  |TAMS 0x0000000086000000| PB 0x0000000086000000| Untracked 
|  61|0x0000000086100000, 0x0000000086200000, 0x0000000086200000|100%| O|  |TAMS 0x0000000086100000| PB 0x0000000086100000| Untracked 
|  62|0x0000000086200000, 0x0000000086300000, 0x0000000086300000|100%| O|  |TAMS 0x0000000086200000| PB 0x0000000086200000| Untracked 
|  63|0x0000000086300000, 0x0000000086400000, 0x0000000086400000|100%| O|  |TAMS 0x0000000086300000| PB 0x0000000086300000| Untracked 
|  64|0x0000000086400000, 0x0000000086500000, 0x0000000086500000|100%| O|  |TAMS 0x0000000086400000| PB 0x0000000086400000| Untracked 
|  65|0x0000000086500000, 0x0000000086600000, 0x0000000086600000|100%| O|  |TAMS 0x0000000086500000| PB 0x0000000086500000| Untracked 
|  66|0x0000000086600000, 0x0000000086700000, 0x0000000086700000|100%| O|  |TAMS 0x0000000086600000| PB 0x0000000086600000| Untracked 
|  67|0x0000000086700000, 0x0000000086800000, 0x0000000086800000|100%| O|  |TAMS 0x0000000086700000| PB 0x0000000086700000| Untracked 
|  68|0x0000000086800000, 0x0000000086900000, 0x0000000086900000|100%| O|  |TAMS 0x0000000086800000| PB 0x0000000086800000| Untracked 
|  69|0x0000000086900000, 0x0000000086a00000, 0x0000000086a00000|100%| O|  |TAMS 0x0000000086900000| PB 0x0000000086900000| Untracked 
|  70|0x0000000086a00000, 0x0000000086b00000, 0x0000000086b00000|100%| O|  |TAMS 0x0000000086a00000| PB 0x0000000086a00000| Untracked 
|  71|0x0000000086b00000, 0x0000000086c00000, 0x0000000086c00000|100%| O|  |TAMS 0x0000000086b00000| PB 0x0000000086b00000| Untracked 
|  72|0x0000000086c00000, 0x0000000086d00000, 0x0000000086d00000|100%| O|  |TAMS 0x0000000086c00000| PB 0x0000000086c00000| Untracked 
|  73|0x0000000086d00000, 0x0000000086e00000, 0x0000000086e00000|100%| O|  |TAMS 0x0000000086d00000| PB 0x0000000086d00000| Untracked 
|  74|0x0000000086e00000, 0x0000000086f00000, 0x0000000086f00000|100%| O|  |TAMS 0x0000000086e00000| PB 0x0000000086e00000| Untracked 
|  75|0x0000000086f00000, 0x0000000087000000, 0x0000000087000000|100%| O|  |TAMS 0x0000000086f00000| PB 0x0000000086f00000| Untracked 
|  76|0x0000000087000000, 0x0000000087100000, 0x0000000087100000|100%| O|  |TAMS 0x0000000087000000| PB 0x0000000087000000| Untracked 
|  77|0x0000000087100000, 0x0000000087200000, 0x0000000087200000|100%| O|  |TAMS 0x0000000087100000| PB 0x0000000087100000| Untracked 
|  78|0x0000000087200000, 0x0000000087300000, 0x0000000087300000|100%| O|  |TAMS 0x0000000087200000| PB 0x0000000087200000| Untracked 
|  79|0x0000000087300000, 0x0000000087400000, 0x0000000087400000|100%| O|  |TAMS 0x0000000087300000| PB 0x0000000087300000| Untracked 
|  80|0x0000000087400000, 0x0000000087500000, 0x0000000087500000|100%| O|  |TAMS 0x0000000087400000| PB 0x0000000087400000| Untracked 
|  81|0x0000000087500000, 0x0000000087600000, 0x0000000087600000|100%| O|  |TAMS 0x0000000087500000| PB 0x0000000087500000| Untracked 
|  82|0x0000000087600000, 0x0000000087700000, 0x0000000087700000|100%| O|  |TAMS 0x0000000087600000| PB 0x0000000087600000| Untracked 
|  83|0x0000000087700000, 0x0000000087800000, 0x0000000087800000|100%| O|  |TAMS 0x0000000087700000| PB 0x0000000087700000| Untracked 
|  84|0x0000000087800000, 0x0000000087900000, 0x0000000087900000|100%| O|  |TAMS 0x0000000087800000| PB 0x0000000087800000| Untracked 
|  85|0x0000000087900000, 0x0000000087a00000, 0x0000000087a00000|100%| O|  |TAMS 0x0000000087900000| PB 0x0000000087900000| Untracked 
|  86|0x0000000087a00000, 0x0000000087b00000, 0x0000000087b00000|100%| O|Cm|TAMS 0x0000000087a00000| PB 0x0000000087a00000| Complete 
|  87|0x0000000087b00000, 0x0000000087c00000, 0x0000000087c00000|100%| O|  |TAMS 0x0000000087b00000| PB 0x0000000087b00000| Untracked 
|  88|0x0000000087c00000, 0x0000000087d00000, 0x0000000087d00000|100%| O|  |TAMS 0x0000000087c00000| PB 0x0000000087c00000| Untracked 
|  89|0x0000000087d00000, 0x0000000087e00000, 0x0000000087e00000|100%| O|  |TAMS 0x0000000087d00000| PB 0x0000000087d00000| Untracked 
|  90|0x0000000087e00000, 0x0000000087f00000, 0x0000000087f00000|100%| O|  |TAMS 0x0000000087e00000| PB 0x0000000087e00000| Untracked 
|  91|0x0000000087f00000, 0x0000000088000000, 0x0000000088000000|100%| O|  |TAMS 0x0000000087f00000| PB 0x0000000087f00000| Untracked 
|  92|0x0000000088000000, 0x0000000088100000, 0x0000000088100000|100%| O|  |TAMS 0x0000000088000000| PB 0x0000000088000000| Untracked 
|  93|0x0000000088100000, 0x0000000088200000, 0x0000000088200000|100%| O|  |TAMS 0x0000000088100000| PB 0x0000000088100000| Untracked 
|  94|0x0000000088200000, 0x0000000088300000, 0x0000000088300000|100%| O|  |TAMS 0x0000000088200000| PB 0x0000000088200000| Untracked 
|  95|0x0000000088300000, 0x0000000088400000, 0x0000000088400000|100%| O|  |TAMS 0x0000000088300000| PB 0x0000000088300000| Untracked 
|  96|0x0000000088400000, 0x0000000088500000, 0x0000000088500000|100%| O|  |TAMS 0x0000000088400000| PB 0x0000000088400000| Untracked 
|  97|0x0000000088500000, 0x0000000088600000, 0x0000000088600000|100%| O|  |TAMS 0x0000000088500000| PB 0x0000000088500000| Untracked 
|  98|0x0000000088600000, 0x0000000088700000, 0x0000000088700000|100%| O|  |TAMS 0x0000000088600000| PB 0x0000000088600000| Untracked 
|  99|0x0000000088700000, 0x0000000088800000, 0x0000000088800000|100%| O|  |TAMS 0x0000000088700000| PB 0x0000000088700000| Untracked 
| 100|0x0000000088800000, 0x0000000088900000, 0x0000000088900000|100%| O|  |TAMS 0x0000000088800000| PB 0x0000000088800000| Untracked 
| 101|0x0000000088900000, 0x0000000088a00000, 0x0000000088a00000|100%| O|  |TAMS 0x0000000088900000| PB 0x0000000088900000| Untracked 
| 102|0x0000000088a00000, 0x0000000088b00000, 0x0000000088b00000|100%| O|  |TAMS 0x0000000088a00000| PB 0x0000000088a00000| Untracked 
| 103|0x0000000088b00000, 0x0000000088c00000, 0x0000000088c00000|100%| O|  |TAMS 0x0000000088b00000| PB 0x0000000088b00000| Untracked 
| 104|0x0000000088c00000, 0x0000000088d00000, 0x0000000088d00000|100%| O|  |TAMS 0x0000000088c00000| PB 0x0000000088c00000| Untracked 
| 105|0x0000000088d00000, 0x0000000088e00000, 0x0000000088e00000|100%| O|  |TAMS 0x0000000088d00000| PB 0x0000000088d00000| Untracked 
| 106|0x0000000088e00000, 0x0000000088f00000, 0x0000000088f00000|100%| O|  |TAMS 0x0000000088e00000| PB 0x0000000088e00000| Untracked 
| 107|0x0000000088f00000, 0x0000000089000000, 0x0000000089000000|100%| O|  |TAMS 0x0000000088f00000| PB 0x0000000088f00000| Untracked 
| 108|0x0000000089000000, 0x0000000089100000, 0x0000000089100000|100%| O|  |TAMS 0x0000000089000000| PB 0x0000000089000000| Untracked 
| 109|0x0000000089100000, 0x0000000089200000, 0x0000000089200000|100%| O|  |TAMS 0x0000000089100000| PB 0x0000000089100000| Untracked 
| 110|0x0000000089200000, 0x0000000089300000, 0x0000000089300000|100%| O|  |TAMS 0x0000000089200000| PB 0x0000000089200000| Untracked 
| 111|0x0000000089300000, 0x0000000089400000, 0x0000000089400000|100%| O|Cm|TAMS 0x0000000089300000| PB 0x0000000089300000| Complete 
| 112|0x0000000089400000, 0x0000000089500000, 0x0000000089500000|100%| O|  |TAMS 0x0000000089400000| PB 0x0000000089400000| Untracked 
| 113|0x0000000089500000, 0x0000000089600000, 0x0000000089600000|100%| O|  |TAMS 0x0000000089500000| PB 0x0000000089500000| Untracked 
| 114|0x0000000089600000, 0x0000000089700000, 0x0000000089700000|100%| O|  |TAMS 0x0000000089600000| PB 0x0000000089600000| Untracked 
| 115|0x0000000089700000, 0x0000000089800000, 0x0000000089800000|100%| O|  |TAMS 0x0000000089700000| PB 0x0000000089700000| Untracked 
| 116|0x0000000089800000, 0x0000000089900000, 0x0000000089900000|100%| O|  |TAMS 0x0000000089800000| PB 0x0000000089800000| Untracked 
| 117|0x0000000089900000, 0x0000000089a00000, 0x0000000089a00000|100%| O|  |TAMS 0x0000000089900000| PB 0x0000000089900000| Untracked 
| 118|0x0000000089a00000, 0x0000000089b00000, 0x0000000089b00000|100%| O|  |TAMS 0x0000000089a00000| PB 0x0000000089a00000| Untracked 
| 119|0x0000000089b00000, 0x0000000089c00000, 0x0000000089c00000|100%| O|  |TAMS 0x0000000089b00000| PB 0x0000000089b00000| Untracked 
| 120|0x0000000089c00000, 0x0000000089d00000, 0x0000000089d00000|100%| O|  |TAMS 0x0000000089c00000| PB 0x0000000089c00000| Untracked 
| 121|0x0000000089d00000, 0x0000000089e00000, 0x0000000089e00000|100%| O|  |TAMS 0x0000000089d00000| PB 0x0000000089d00000| Untracked 
| 122|0x0000000089e00000, 0x0000000089f00000, 0x0000000089f00000|100%| O|  |TAMS 0x0000000089e00000| PB 0x0000000089e00000| Untracked 
| 123|0x0000000089f00000, 0x000000008a000000, 0x000000008a000000|100%| O|  |TAMS 0x0000000089f00000| PB 0x0000000089f00000| Untracked 
| 124|0x000000008a000000, 0x000000008a100000, 0x000000008a100000|100%| O|  |TAMS 0x000000008a000000| PB 0x000000008a000000| Untracked 
| 125|0x000000008a100000, 0x000000008a200000, 0x000000008a200000|100%| O|  |TAMS 0x000000008a100000| PB 0x000000008a100000| Untracked 
| 126|0x000000008a200000, 0x000000008a300000, 0x000000008a300000|100%| O|  |TAMS 0x000000008a200000| PB 0x000000008a200000| Untracked 
| 127|0x000000008a300000, 0x000000008a400000, 0x000000008a400000|100%| O|  |TAMS 0x000000008a300000| PB 0x000000008a300000| Untracked 
| 128|0x000000008a400000, 0x000000008a500000, 0x000000008a500000|100%| O|  |TAMS 0x000000008a400000| PB 0x000000008a400000| Untracked 
| 129|0x000000008a500000, 0x000000008a600000, 0x000000008a600000|100%| O|  |TAMS 0x000000008a500000| PB 0x000000008a500000| Untracked 
| 130|0x000000008a600000, 0x000000008a700000, 0x000000008a700000|100%| O|  |TAMS 0x000000008a600000| PB 0x000000008a600000| Untracked 
| 131|0x000000008a700000, 0x000000008a800000, 0x000000008a800000|100%| O|  |TAMS 0x000000008a700000| PB 0x000000008a700000| Untracked 
| 132|0x000000008a800000, 0x000000008a900000, 0x000000008a900000|100%| O|Cm|TAMS 0x000000008a800000| PB 0x000000008a800000| Complete 
| 133|0x000000008a900000, 0x000000008aa00000, 0x000000008aa00000|100%| O|  |TAMS 0x000000008a900000| PB 0x000000008a900000| Untracked 
| 134|0x000000008aa00000, 0x000000008ab00000, 0x000000008ab00000|100%| O|  |TAMS 0x000000008aa00000| PB 0x000000008aa00000| Untracked 
| 135|0x000000008ab00000, 0x000000008ac00000, 0x000000008ac00000|100%| O|  |TAMS 0x000000008ab00000| PB 0x000000008ab00000| Untracked 
| 136|0x000000008ac00000, 0x000000008ad00000, 0x000000008ad00000|100%|HS|  |TAMS 0x000000008ac00000| PB 0x000000008ac00000| Complete 
| 137|0x000000008ad00000, 0x000000008ae00000, 0x000000008ae00000|100%|HC|  |TAMS 0x000000008ad00000| PB 0x000000008ad00000| Complete 
| 138|0x000000008ae00000, 0x000000008af00000, 0x000000008af00000|100%|HC|  |TAMS 0x000000008ae00000| PB 0x000000008ae00000| Complete 
| 139|0x000000008af00000, 0x000000008b000000, 0x000000008b000000|100%|HC|  |TAMS 0x000000008af00000| PB 0x000000008af00000| Complete 
| 140|0x000000008b000000, 0x000000008b100000, 0x000000008b100000|100%|HC|  |TAMS 0x000000008b000000| PB 0x000000008b000000| Complete 
| 141|0x000000008b100000, 0x000000008b200000, 0x000000008b200000|100%|HC|  |TAMS 0x000000008b100000| PB 0x000000008b100000| Complete 
| 142|0x000000008b200000, 0x000000008b300000, 0x000000008b300000|100%|HC|  |TAMS 0x000000008b200000| PB 0x000000008b200000| Complete 
| 143|0x000000008b300000, 0x000000008b400000, 0x000000008b400000|100%|HC|  |TAMS 0x000000008b300000| PB 0x000000008b300000| Complete 
| 144|0x000000008b400000, 0x000000008b500000, 0x000000008b500000|100%|HC|  |TAMS 0x000000008b400000| PB 0x000000008b400000| Complete 
| 145|0x000000008b500000, 0x000000008b600000, 0x000000008b600000|100%| O|  |TAMS 0x000000008b500000| PB 0x000000008b500000| Untracked 
| 146|0x000000008b600000, 0x000000008b700000, 0x000000008b700000|100%| O|  |TAMS 0x000000008b600000| PB 0x000000008b600000| Untracked 
| 147|0x000000008b700000, 0x000000008b800000, 0x000000008b800000|100%| O|  |TAMS 0x000000008b700000| PB 0x000000008b700000| Untracked 
| 148|0x000000008b800000, 0x000000008b900000, 0x000000008b900000|100%| O|  |TAMS 0x000000008b800000| PB 0x000000008b800000| Untracked 
| 149|0x000000008b900000, 0x000000008b94f080, 0x000000008ba00000| 30%| O|  |TAMS 0x000000008b900000| PB 0x000000008b900000| Untracked 
| 150|0x000000008ba00000, 0x000000008ba00000, 0x000000008bb00000|  0%| F|  |TAMS 0x000000008ba00000| PB 0x000000008ba00000| Untracked 
| 151|0x000000008bb00000, 0x000000008bb00000, 0x000000008bc00000|  0%| F|  |TAMS 0x000000008bb00000| PB 0x000000008bb00000| Untracked 
| 152|0x000000008bc00000, 0x000000008bc00000, 0x000000008bd00000|  0%| F|  |TAMS 0x000000008bc00000| PB 0x000000008bc00000| Untracked 
| 153|0x000000008bd00000, 0x000000008bd00000, 0x000000008be00000|  0%| F|  |TAMS 0x000000008bd00000| PB 0x000000008bd00000| Untracked 
| 154|0x000000008be00000, 0x000000008be00000, 0x000000008bf00000|  0%| F|  |TAMS 0x000000008be00000| PB 0x000000008be00000| Untracked 
| 155|0x000000008bf00000, 0x000000008bf00000, 0x000000008c000000|  0%| F|  |TAMS 0x000000008bf00000| PB 0x000000008bf00000| Untracked 
| 156|0x000000008c000000, 0x000000008c000000, 0x000000008c100000|  0%| F|  |TAMS 0x000000008c000000| PB 0x000000008c000000| Untracked 
| 157|0x000000008c100000, 0x000000008c100000, 0x000000008c200000|  0%| F|  |TAMS 0x000000008c100000| PB 0x000000008c100000| Untracked 
| 158|0x000000008c200000, 0x000000008c200000, 0x000000008c300000|  0%| F|  |TAMS 0x000000008c200000| PB 0x000000008c200000| Untracked 
| 159|0x000000008c300000, 0x000000008c300000, 0x000000008c400000|  0%| F|  |TAMS 0x000000008c300000| PB 0x000000008c300000| Untracked 
| 160|0x000000008c400000, 0x000000008c400000, 0x000000008c500000|  0%| F|  |TAMS 0x000000008c400000| PB 0x000000008c400000| Untracked 
| 161|0x000000008c500000, 0x000000008c500000, 0x000000008c600000|  0%| F|  |TAMS 0x000000008c500000| PB 0x000000008c500000| Untracked 
| 162|0x000000008c600000, 0x000000008c600000, 0x000000008c700000|  0%| F|  |TAMS 0x000000008c600000| PB 0x000000008c600000| Untracked 
| 163|0x000000008c700000, 0x000000008c700000, 0x000000008c800000|  0%| F|  |TAMS 0x000000008c700000| PB 0x000000008c700000| Untracked 
| 164|0x000000008c800000, 0x000000008c800000, 0x000000008c900000|  0%| F|  |TAMS 0x000000008c800000| PB 0x000000008c800000| Untracked 
| 165|0x000000008c900000, 0x000000008c900000, 0x000000008ca00000|  0%| F|  |TAMS 0x000000008c900000| PB 0x000000008c900000| Untracked 
| 166|0x000000008ca00000, 0x000000008ca00000, 0x000000008cb00000|  0%| F|  |TAMS 0x000000008ca00000| PB 0x000000008ca00000| Untracked 
| 167|0x000000008cb00000, 0x000000008cb00000, 0x000000008cc00000|  0%| F|  |TAMS 0x000000008cb00000| PB 0x000000008cb00000| Untracked 
| 168|0x000000008cc00000, 0x000000008cc00000, 0x000000008cd00000|  0%| F|  |TAMS 0x000000008cc00000| PB 0x000000008cc00000| Untracked 
| 169|0x000000008cd00000, 0x000000008cd00000, 0x000000008ce00000|  0%| F|  |TAMS 0x000000008cd00000| PB 0x000000008cd00000| Untracked 
| 170|0x000000008ce00000, 0x000000008ce00000, 0x000000008cf00000|  0%| F|  |TAMS 0x000000008ce00000| PB 0x000000008ce00000| Untracked 
| 171|0x000000008cf00000, 0x000000008cf00000, 0x000000008d000000|  0%| F|  |TAMS 0x000000008cf00000| PB 0x000000008cf00000| Untracked 
| 172|0x000000008d000000, 0x000000008d000000, 0x000000008d100000|  0%| F|  |TAMS 0x000000008d000000| PB 0x000000008d000000| Untracked 
| 173|0x000000008d100000, 0x000000008d100000, 0x000000008d200000|  0%| F|  |TAMS 0x000000008d100000| PB 0x000000008d100000| Untracked 
| 174|0x000000008d200000, 0x000000008d200000, 0x000000008d300000|  0%| F|  |TAMS 0x000000008d200000| PB 0x000000008d200000| Untracked 
| 175|0x000000008d300000, 0x000000008d300000, 0x000000008d400000|  0%| F|  |TAMS 0x000000008d300000| PB 0x000000008d300000| Untracked 
| 176|0x000000008d400000, 0x000000008d400000, 0x000000008d500000|  0%| F|  |TAMS 0x000000008d400000| PB 0x000000008d400000| Untracked 
| 177|0x000000008d500000, 0x000000008d500000, 0x000000008d600000|  0%| F|  |TAMS 0x000000008d500000| PB 0x000000008d500000| Untracked 
| 178|0x000000008d600000, 0x000000008d600000, 0x000000008d700000|  0%| F|  |TAMS 0x000000008d600000| PB 0x000000008d600000| Untracked 
| 179|0x000000008d700000, 0x000000008d700000, 0x000000008d800000|  0%| F|  |TAMS 0x000000008d700000| PB 0x000000008d700000| Untracked 
| 180|0x000000008d800000, 0x000000008d900000, 0x000000008d900000|100%| S|CS|TAMS 0x000000008d800000| PB 0x000000008d800000| Complete 
| 181|0x000000008d900000, 0x000000008da00000, 0x000000008da00000|100%| S|CS|TAMS 0x000000008d900000| PB 0x000000008d900000| Complete 
| 182|0x000000008da00000, 0x000000008db00000, 0x000000008db00000|100%| S|CS|TAMS 0x000000008da00000| PB 0x000000008da00000| Complete 
| 183|0x000000008db00000, 0x000000008dc00000, 0x000000008dc00000|100%| S|CS|TAMS 0x000000008db00000| PB 0x000000008db00000| Complete 
| 184|0x000000008dc00000, 0x000000008dd00000, 0x000000008dd00000|100%| S|CS|TAMS 0x000000008dc00000| PB 0x000000008dc00000| Complete 
| 185|0x000000008dd00000, 0x000000008de00000, 0x000000008de00000|100%| S|CS|TAMS 0x000000008dd00000| PB 0x000000008dd00000| Complete 
| 186|0x000000008de00000, 0x000000008df00000, 0x000000008df00000|100%| S|CS|TAMS 0x000000008de00000| PB 0x000000008de00000| Complete 
| 187|0x000000008df00000, 0x000000008df00000, 0x000000008e000000|  0%| F|  |TAMS 0x000000008df00000| PB 0x000000008df00000| Untracked 
| 188|0x000000008e000000, 0x000000008e000000, 0x000000008e100000|  0%| F|  |TAMS 0x000000008e000000| PB 0x000000008e000000| Untracked 
| 189|0x000000008e100000, 0x000000008e100000, 0x000000008e200000|  0%| F|  |TAMS 0x000000008e100000| PB 0x000000008e100000| Untracked 
| 190|0x000000008e200000, 0x000000008e200000, 0x000000008e300000|  0%| F|  |TAMS 0x000000008e200000| PB 0x000000008e200000| Untracked 
| 191|0x000000008e300000, 0x000000008e300000, 0x000000008e400000|  0%| F|  |TAMS 0x000000008e300000| PB 0x000000008e300000| Untracked 
| 192|0x000000008e400000, 0x000000008e400000, 0x000000008e500000|  0%| F|  |TAMS 0x000000008e400000| PB 0x000000008e400000| Untracked 
| 193|0x000000008e500000, 0x000000008e500000, 0x000000008e600000|  0%| F|  |TAMS 0x000000008e500000| PB 0x000000008e500000| Untracked 
| 194|0x000000008e600000, 0x000000008e600000, 0x000000008e700000|  0%| F|  |TAMS 0x000000008e600000| PB 0x000000008e600000| Untracked 
| 195|0x000000008e700000, 0x000000008e700000, 0x000000008e800000|  0%| F|  |TAMS 0x000000008e700000| PB 0x000000008e700000| Untracked 
| 196|0x000000008e800000, 0x000000008e800000, 0x000000008e900000|  0%| F|  |TAMS 0x000000008e800000| PB 0x000000008e800000| Untracked 
| 197|0x000000008e900000, 0x000000008e900000, 0x000000008ea00000|  0%| F|  |TAMS 0x000000008e900000| PB 0x000000008e900000| Untracked 
| 198|0x000000008ea00000, 0x000000008ea00000, 0x000000008eb00000|  0%| F|  |TAMS 0x000000008ea00000| PB 0x000000008ea00000| Untracked 
| 199|0x000000008eb00000, 0x000000008eb80000, 0x000000008ec00000| 50%| E|  |TAMS 0x000000008eb00000| PB 0x000000008eb00000| Complete 
| 200|0x000000008ec00000, 0x000000008ed00000, 0x000000008ed00000|100%| E|CS|TAMS 0x000000008ec00000| PB 0x000000008ec00000| Complete 
| 201|0x000000008ed00000, 0x000000008ee00000, 0x000000008ee00000|100%| E|CS|TAMS 0x000000008ed00000| PB 0x000000008ed00000| Complete 
| 202|0x000000008ee00000, 0x000000008ef00000, 0x000000008ef00000|100%| E|CS|TAMS 0x000000008ee00000| PB 0x000000008ee00000| Complete 
| 203|0x000000008ef00000, 0x000000008f000000, 0x000000008f000000|100%| E|CS|TAMS 0x000000008ef00000| PB 0x000000008ef00000| Complete 
| 204|0x000000008f000000, 0x000000008f100000, 0x000000008f100000|100%| E|CS|TAMS 0x000000008f000000| PB 0x000000008f000000| Complete 
| 205|0x000000008f100000, 0x000000008f200000, 0x000000008f200000|100%| E|CS|TAMS 0x000000008f100000| PB 0x000000008f100000| Complete 
| 206|0x000000008f200000, 0x000000008f300000, 0x000000008f300000|100%| E|CS|TAMS 0x000000008f200000| PB 0x000000008f200000| Complete 
| 207|0x000000008f300000, 0x000000008f400000, 0x000000008f400000|100%| E|CS|TAMS 0x000000008f300000| PB 0x000000008f300000| Complete 
| 208|0x000000008f400000, 0x000000008f500000, 0x000000008f500000|100%| E|CS|TAMS 0x000000008f400000| PB 0x000000008f400000| Complete 
| 209|0x000000008f500000, 0x000000008f600000, 0x000000008f600000|100%| E|CS|TAMS 0x000000008f500000| PB 0x000000008f500000| Complete 
| 210|0x000000008f600000, 0x000000008f700000, 0x000000008f700000|100%| E|CS|TAMS 0x000000008f600000| PB 0x000000008f600000| Complete 
| 211|0x000000008f700000, 0x000000008f800000, 0x000000008f800000|100%| E|CS|TAMS 0x000000008f700000| PB 0x000000008f700000| Complete 
| 212|0x000000008f800000, 0x000000008f900000, 0x000000008f900000|100%| E|CS|TAMS 0x000000008f800000| PB 0x000000008f800000| Complete 
| 213|0x000000008f900000, 0x000000008fa00000, 0x000000008fa00000|100%| E|CS|TAMS 0x000000008f900000| PB 0x000000008f900000| Complete 
| 214|0x000000008fa00000, 0x000000008fb00000, 0x000000008fb00000|100%| E|CS|TAMS 0x000000008fa00000| PB 0x000000008fa00000| Complete 
| 215|0x000000008fb00000, 0x000000008fc00000, 0x000000008fc00000|100%| E|CS|TAMS 0x000000008fb00000| PB 0x000000008fb00000| Complete 
| 216|0x000000008fc00000, 0x000000008fd00000, 0x000000008fd00000|100%| E|CS|TAMS 0x000000008fc00000| PB 0x000000008fc00000| Complete 
| 217|0x000000008fd00000, 0x000000008fe00000, 0x000000008fe00000|100%| E|CS|TAMS 0x000000008fd00000| PB 0x000000008fd00000| Complete 
| 218|0x000000008fe00000, 0x000000008ff00000, 0x000000008ff00000|100%| E|CS|TAMS 0x000000008fe00000| PB 0x000000008fe00000| Complete 
| 219|0x000000008ff00000, 0x0000000090000000, 0x0000000090000000|100%| E|CS|TAMS 0x000000008ff00000| PB 0x000000008ff00000| Complete 
| 220|0x0000000090000000, 0x0000000090100000, 0x0000000090100000|100%| E|CS|TAMS 0x0000000090000000| PB 0x0000000090000000| Complete 
| 221|0x0000000090100000, 0x0000000090200000, 0x0000000090200000|100%| E|CS|TAMS 0x0000000090100000| PB 0x0000000090100000| Complete 
| 222|0x0000000090200000, 0x0000000090300000, 0x0000000090300000|100%| E|CS|TAMS 0x0000000090200000| PB 0x0000000090200000| Complete 
| 223|0x0000000090300000, 0x0000000090400000, 0x0000000090400000|100%| E|CS|TAMS 0x0000000090300000| PB 0x0000000090300000| Complete 
| 224|0x0000000090400000, 0x0000000090500000, 0x0000000090500000|100%| E|CS|TAMS 0x0000000090400000| PB 0x0000000090400000| Complete 
| 225|0x0000000090500000, 0x0000000090600000, 0x0000000090600000|100%| E|CS|TAMS 0x0000000090500000| PB 0x0000000090500000| Complete 
| 226|0x0000000090600000, 0x0000000090700000, 0x0000000090700000|100%| E|CS|TAMS 0x0000000090600000| PB 0x0000000090600000| Complete 
| 227|0x0000000090700000, 0x0000000090800000, 0x0000000090800000|100%| E|CS|TAMS 0x0000000090700000| PB 0x0000000090700000| Complete 
| 228|0x0000000090800000, 0x0000000090900000, 0x0000000090900000|100%| E|CS|TAMS 0x0000000090800000| PB 0x0000000090800000| Complete 
| 229|0x0000000090900000, 0x0000000090a00000, 0x0000000090a00000|100%| E|CS|TAMS 0x0000000090900000| PB 0x0000000090900000| Complete 
| 230|0x0000000090a00000, 0x0000000090b00000, 0x0000000090b00000|100%| E|CS|TAMS 0x0000000090a00000| PB 0x0000000090a00000| Complete 
| 231|0x0000000090b00000, 0x0000000090c00000, 0x0000000090c00000|100%| E|CS|TAMS 0x0000000090b00000| PB 0x0000000090b00000| Complete 
| 232|0x0000000090c00000, 0x0000000090d00000, 0x0000000090d00000|100%| E|CS|TAMS 0x0000000090c00000| PB 0x0000000090c00000| Complete 
| 233|0x0000000090d00000, 0x0000000090e00000, 0x0000000090e00000|100%| E|CS|TAMS 0x0000000090d00000| PB 0x0000000090d00000| Complete 
| 234|0x0000000090e00000, 0x0000000090f00000, 0x0000000090f00000|100%| E|CS|TAMS 0x0000000090e00000| PB 0x0000000090e00000| Complete 
| 235|0x0000000090f00000, 0x0000000091000000, 0x0000000091000000|100%| E|CS|TAMS 0x0000000090f00000| PB 0x0000000090f00000| Complete 
| 236|0x0000000091000000, 0x0000000091100000, 0x0000000091100000|100%| E|CS|TAMS 0x0000000091000000| PB 0x0000000091000000| Complete 
| 237|0x0000000091100000, 0x0000000091200000, 0x0000000091200000|100%| E|CS|TAMS 0x0000000091100000| PB 0x0000000091100000| Complete 
| 238|0x0000000091200000, 0x0000000091300000, 0x0000000091300000|100%| E|CS|TAMS 0x0000000091200000| PB 0x0000000091200000| Complete 
| 239|0x0000000091300000, 0x0000000091400000, 0x0000000091400000|100%| E|CS|TAMS 0x0000000091300000| PB 0x0000000091300000| Complete 
| 240|0x0000000091400000, 0x0000000091500000, 0x0000000091500000|100%| E|CS|TAMS 0x0000000091400000| PB 0x0000000091400000| Complete 
| 241|0x0000000091500000, 0x0000000091600000, 0x0000000091600000|100%| E|CS|TAMS 0x0000000091500000| PB 0x0000000091500000| Complete 
| 242|0x0000000091600000, 0x0000000091700000, 0x0000000091700000|100%| E|CS|TAMS 0x0000000091600000| PB 0x0000000091600000| Complete 
| 243|0x0000000091700000, 0x0000000091800000, 0x0000000091800000|100%| E|CS|TAMS 0x0000000091700000| PB 0x0000000091700000| Complete 
| 244|0x0000000091800000, 0x0000000091900000, 0x0000000091900000|100%| E|CS|TAMS 0x0000000091800000| PB 0x0000000091800000| Complete 
| 245|0x0000000091900000, 0x0000000091a00000, 0x0000000091a00000|100%| E|CS|TAMS 0x0000000091900000| PB 0x0000000091900000| Complete 
| 246|0x0000000091a00000, 0x0000000091b00000, 0x0000000091b00000|100%| E|CS|TAMS 0x0000000091a00000| PB 0x0000000091a00000| Complete 
| 247|0x0000000091b00000, 0x0000000091c00000, 0x0000000091c00000|100%| E|CS|TAMS 0x0000000091b00000| PB 0x0000000091b00000| Complete 
| 248|0x0000000091c00000, 0x0000000091d00000, 0x0000000091d00000|100%| E|CS|TAMS 0x0000000091c00000| PB 0x0000000091c00000| Complete 
| 249|0x0000000091d00000, 0x0000000091e00000, 0x0000000091e00000|100%| E|CS|TAMS 0x0000000091d00000| PB 0x0000000091d00000| Complete 
| 250|0x0000000091e00000, 0x0000000091f00000, 0x0000000091f00000|100%| E|CS|TAMS 0x0000000091e00000| PB 0x0000000091e00000| Complete 
| 251|0x0000000091f00000, 0x0000000092000000, 0x0000000092000000|100%| E|CS|TAMS 0x0000000091f00000| PB 0x0000000091f00000| Complete 
| 252|0x0000000092000000, 0x0000000092100000, 0x0000000092100000|100%| E|CS|TAMS 0x0000000092000000| PB 0x0000000092000000| Complete 
| 253|0x0000000092100000, 0x0000000092200000, 0x0000000092200000|100%| E|CS|TAMS 0x0000000092100000| PB 0x0000000092100000| Complete 
| 254|0x0000000092200000, 0x0000000092300000, 0x0000000092300000|100%| E|CS|TAMS 0x0000000092200000| PB 0x0000000092200000| Complete 
|2007|0x00000000ffb00000, 0x00000000ffc00000, 0x00000000ffc00000|100%| O|  |TAMS 0x00000000ffb00000| PB 0x00000000ffb00000| Untracked 
|2008|0x00000000ffc00000, 0x00000000ffd00000, 0x00000000ffd00000|100%| O|  |TAMS 0x00000000ffc00000| PB 0x00000000ffc00000| Untracked 
|2009|0x00000000ffd00000, 0x00000000ffe00000, 0x00000000ffe00000|100%| O|  |TAMS 0x00000000ffd00000| PB 0x00000000ffd00000| Untracked 
|2010|0x00000000ffe00000, 0x00000000fff00000, 0x00000000fff00000|100%| E|CS|TAMS 0x00000000ffe00000| PB 0x00000000ffe00000| Complete 
|2011|0x00000000fff00000, 0x0000000100000000, 0x0000000100000000|100%| O|  |TAMS 0x00000000fff00000| PB 0x00000000fff00000| Untracked 

Card table byte_map: [0x000001a819ca0000,0x000001a81a090000] _byte_map_base: 0x000001a81988e000

Marking Bits: (CMBitMap*) 0x000001a807474180
 Bits: [0x000001a81a090000, 0x000001a81c000000)

Polling page: 0x000001a805270000

Metaspace:

Usage:
  Non-class:     62.52 MB used.
      Class:      7.73 MB used.
       Both:     70.25 MB used.

Virtual space:
  Non-class space:       64.00 MB reserved,      62.94 MB ( 98%) committed,  1 nodes.
      Class space:        1.00 GB reserved,       8.12 MB ( <1%) committed,  1 nodes.
             Both:        1.06 GB reserved,      71.06 MB (  7%) committed. 

Chunk freelists:
   Non-Class:  560.00 KB
       Class:  7.91 MB
        Both:  8.46 MB

MaxMetaspaceSize: unlimited
CompressedClassSpaceSize: 1.00 GB
Initial GC threshold: 21.00 MB
Current GC threshold: 117.50 MB
CDS: off
 - commit_granule_bytes: 65536.
 - commit_granule_words: 8192.
 - virtual_space_node_default_size: 8388608.
 - enlarge_chunks_in_place: 1.
 - use_allocation_guard: 0.


Internal statistics:

num_allocs_failed_limit: 6.
num_arena_births: 1310.
num_arena_deaths: 0.
num_vsnodes_births: 2.
num_vsnodes_deaths: 0.
num_space_committed: 1135.
num_space_uncommitted: 0.
num_chunks_returned_to_freelist: 6.
num_chunks_taken_from_freelist: 3859.
num_chunk_merges: 6.
num_chunk_splits: 2869.
num_chunks_enlarged: 2183.
num_inconsistent_stats: 0.

CodeHeap 'non-profiled nmethods': size=120000Kb used=13275Kb max_used=13275Kb free=106725Kb
 bounds [0x000001a812050000, 0x000001a812d50000, 0x000001a819580000]
CodeHeap 'profiled nmethods': size=120000Kb used=33549Kb max_used=39385Kb free=86451Kb
 bounds [0x000001a80a580000, 0x000001a80cc00000, 0x000001a811ab0000]
CodeHeap 'non-nmethods': size=5760Kb used=1578Kb max_used=1675Kb free=4181Kb
 bounds [0x000001a811ab0000, 0x000001a811d20000, 0x000001a812050000]
 total_blobs=13338 nmethods=12700 adapters=540
 compilation: enabled
              stopped_count=0, restarted_count=0
 full_count=0

Compilation events (20 events):
Event: 62.728 Thread 0x000001a81ec41f70 16785       3       java.lang.invoke.Invokers$Holder::linkToTargetMethod (17 bytes)
Event: 62.729 Thread 0x000001a81ec41f70 nmethod 16785 0x000001a80c278a90 code [0x000001a80c278c60, 0x000001a80c279028]
Event: 62.729 Thread 0x000001a81ec41f70 16786       3       org.jetbrains.kotlin.resolve.calls.CallResolver$$Lambda/0x00000001007b9c48::<init> (38 bytes)
Event: 62.729 Thread 0x000001a81ec41f70 nmethod 16786 0x000001a80c5a6c90 code [0x000001a80c5a6e40, 0x000001a80c5a71d8]
Event: 62.729 Thread 0x000001a81ec41f70 16787       3       org.jetbrains.kotlin.resolve.calls.CallResolver$$Lambda/0x00000001007b9c48::invoke (28 bytes)
Event: 62.730 Thread 0x000001a81ec41f70 nmethod 16787 0x000001a80c278690 code [0x000001a80c278840, 0x000001a80c278998]
Event: 62.730 Thread 0x000001a81ec41f70 16788       3       org.jetbrains.kotlin.resolve.calls.CallResolver::lambda$resolveCallWithKnownCandidate$4 (49 bytes)
Event: 62.730 Thread 0x000001a81ec41f70 nmethod 16788 0x000001a80c5a5e90 code [0x000001a80c5a60c0, 0x000001a80c5a6920]
Event: 62.730 Thread 0x000001a81ec41f70 16789       3       org.jetbrains.kotlin.types.expressions.ControlStructureTypingUtils$1::getTypeArguments (12 bytes)
Event: 62.731 Thread 0x000001a81ec41f70 nmethod 16789 0x000001a80c5a5a90 code [0x000001a80c5a5c40, 0x000001a80c5a5dc0]
Event: 62.759 Thread 0x000001a81ec41f70 16791       3       org.jetbrains.kotlin.descriptors.impl.ClassConstructorDescriptorImpl::substitute (6 bytes)
Event: 62.760 Thread 0x000001a81ec41f70 nmethod 16791 0x000001a80af29b10 code [0x000001a80af29ce0, 0x000001a80af2a068]
Event: 62.767 Thread 0x000001a81ec41f70 16793       3       org.jetbrains.kotlin.load.java.sam.JavaSingleAbstractMethodUtils::isSamAdapterNecessary (58 bytes)
Event: 62.769 Thread 0x000001a81ec41f70 nmethod 16793 0x000001a80af28e90 code [0x000001a80af290e0, 0x000001a80af298e8]
Event: 62.772 Thread 0x000001a81ec41f70 16794       3       org.jetbrains.kotlin.resolve.calls.inference.components.NewTypeSubstitutor::substituteTypeEnhancement (146 bytes)
Event: 62.774 Thread 0x000001a81ec41f70 nmethod 16794 0x000001a80ac79c90 code [0x000001a80ac79f40, 0x000001a80ac7ae98]
Event: 62.775 Thread 0x000001a81ec41f70 16795       3       org.jetbrains.kotlin.com.google.common.collect.LinkedHashMultimap::putAll (7 bytes)
Event: 62.775 Thread 0x000001a81ec41f70 nmethod 16795 0x000001a80c29c510 code [0x000001a80c29c6c0, 0x000001a80c29c800]
Event: 62.778 Thread 0x000001a81ec41f70 16796       3       org.jetbrains.kotlin.types.expressions.AssignedVariablesSearcher::visitDeclaration (48 bytes)
Event: 62.780 Thread 0x000001a81ec41f70 nmethod 16796 0x000001a80b23f090 code [0x000001a80b23f380, 0x000001a80b2403c8]

GC Heap History (20 events):
Event: 40.043 GC heap before
{Heap before GC invocations=36 (full 0):
 garbage-first heap   total 196608K, used 162016K [0x0000000082400000, 0x0000000100000000)
  region size 1024K, 48 young (49152K), 4 survivors (4096K)
 Metaspace       used 70963K, committed 71680K, reserved 1114112K
  class space    used 7876K, committed 8256K, reserved 1048576K
}
Event: 40.053 GC heap after
{Heap after GC invocations=37 (full 0):
 garbage-first heap   total 196608K, used 119998K [0x0000000082400000, 0x0000000100000000)
  region size 1024K, 4 young (4096K), 4 survivors (4096K)
 Metaspace       used 70963K, committed 71680K, reserved 1114112K
  class space    used 7876K, committed 8256K, reserved 1048576K
}
Event: 42.331 GC heap before
{Heap before GC invocations=37 (full 0):
 garbage-first heap   total 196608K, used 179390K [0x0000000082400000, 0x0000000100000000)
  region size 1024K, 62 young (63488K), 4 survivors (4096K)
 Metaspace       used 71047K, committed 71808K, reserved 1114112K
  class space    used 7877K, committed 8256K, reserved 1048576K
}
Event: 42.345 GC heap after
{Heap after GC invocations=38 (full 0):
 garbage-first heap   total 196608K, used 123529K [0x0000000082400000, 0x0000000100000000)
  region size 1024K, 8 young (8192K), 8 survivors (8192K)
 Metaspace       used 71047K, committed 71808K, reserved 1114112K
  class space    used 7877K, committed 8256K, reserved 1048576K
}
Event: 44.128 GC heap before
{Heap before GC invocations=38 (full 0):
 garbage-first heap   total 196608K, used 176777K [0x0000000082400000, 0x0000000100000000)
  region size 1024K, 60 young (61440K), 8 survivors (8192K)
 Metaspace       used 71184K, committed 71936K, reserved 1114112K
  class space    used 7888K, committed 8256K, reserved 1048576K
}
Event: 44.150 GC heap after
{Heap after GC invocations=39 (full 0):
 garbage-first heap   total 196608K, used 128043K [0x0000000082400000, 0x0000000100000000)
  region size 1024K, 5 young (5120K), 5 survivors (5120K)
 Metaspace       used 71184K, committed 71936K, reserved 1114112K
  class space    used 7888K, committed 8256K, reserved 1048576K
}
Event: 46.556 GC heap before
{Heap before GC invocations=40 (full 0):
 garbage-first heap   total 215040K, used 179243K [0x0000000082400000, 0x0000000100000000)
  region size 1024K, 55 young (56320K), 5 survivors (5120K)
 Metaspace       used 71244K, committed 72000K, reserved 1114112K
  class space    used 7888K, committed 8256K, reserved 1048576K
}
Event: 46.567 GC heap after
{Heap after GC invocations=41 (full 0):
 garbage-first heap   total 215040K, used 131634K [0x0000000082400000, 0x0000000100000000)
  region size 1024K, 4 young (4096K), 4 survivors (4096K)
 Metaspace       used 71244K, committed 72000K, reserved 1114112K
  class space    used 7888K, committed 8256K, reserved 1048576K
}
Event: 49.227 GC heap before
{Heap before GC invocations=41 (full 0):
 garbage-first heap   total 215040K, used 199218K [0x0000000082400000, 0x0000000100000000)
  region size 1024K, 70 young (71680K), 4 survivors (4096K)
 Metaspace       used 71330K, committed 72064K, reserved 1114112K
  class space    used 7888K, committed 8256K, reserved 1048576K
}
Event: 49.238 GC heap after
{Heap after GC invocations=42 (full 0):
 garbage-first heap   total 215040K, used 135251K [0x0000000082400000, 0x0000000100000000)
  region size 1024K, 8 young (8192K), 8 survivors (8192K)
 Metaspace       used 71330K, committed 72064K, reserved 1114112K
  class space    used 7888K, committed 8256K, reserved 1048576K
}
Event: 50.798 GC heap before
{Heap before GC invocations=42 (full 0):
 garbage-first heap   total 215040K, used 194643K [0x0000000082400000, 0x0000000100000000)
  region size 1024K, 66 young (67584K), 8 survivors (8192K)
 Metaspace       used 71443K, committed 72192K, reserved 1114112K
  class space    used 7894K, committed 8256K, reserved 1048576K
}
Event: 50.814 GC heap after
{Heap after GC invocations=43 (full 0):
 garbage-first heap   total 215040K, used 140271K [0x0000000082400000, 0x0000000100000000)
  region size 1024K, 9 young (9216K), 9 survivors (9216K)
 Metaspace       used 71443K, committed 72192K, reserved 1114112K
  class space    used 7894K, committed 8256K, reserved 1048576K
}
Event: 52.626 GC heap before
{Heap before GC invocations=44 (full 0):
 garbage-first heap   total 234496K, used 193519K [0x0000000082400000, 0x0000000100000000)
  region size 1024K, 61 young (62464K), 9 survivors (9216K)
 Metaspace       used 71487K, committed 72192K, reserved 1114112K
  class space    used 7895K, committed 8256K, reserved 1048576K
}
Event: 52.641 GC heap after
{Heap after GC invocations=45 (full 0):
 garbage-first heap   total 234496K, used 144638K [0x0000000082400000, 0x0000000100000000)
  region size 1024K, 5 young (5120K), 5 survivors (5120K)
 Metaspace       used 71487K, committed 72192K, reserved 1114112K
  class space    used 7895K, committed 8256K, reserved 1048576K
}
Event: 57.204 GC heap before
{Heap before GC invocations=45 (full 0):
 garbage-first heap   total 234496K, used 216318K [0x0000000082400000, 0x0000000100000000)
  region size 1024K, 75 young (76800K), 5 survivors (5120K)
 Metaspace       used 71564K, committed 72256K, reserved 1114112K
  class space    used 7897K, committed 8256K, reserved 1048576K
}
Event: 57.226 GC heap after
{Heap after GC invocations=46 (full 0):
 garbage-first heap   total 234496K, used 148280K [0x0000000082400000, 0x0000000100000000)
  region size 1024K, 9 young (9216K), 9 survivors (9216K)
 Metaspace       used 71564K, committed 72256K, reserved 1114112K
  class space    used 7897K, committed 8256K, reserved 1048576K
}
Event: 58.489 GC heap before
{Heap before GC invocations=46 (full 0):
 garbage-first heap   total 234496K, used 170808K [0x0000000082400000, 0x0000000100000000)
  region size 1024K, 32 young (32768K), 9 survivors (9216K)
 Metaspace       used 71599K, committed 72320K, reserved 1114112K
  class space    used 7897K, committed 8256K, reserved 1048576K
}
Event: 58.507 GC heap after
{Heap after GC invocations=47 (full 0):
 garbage-first heap   total 234496K, used 149505K [0x0000000082400000, 0x0000000100000000)
  region size 1024K, 7 young (7168K), 7 survivors (7168K)
 Metaspace       used 71599K, committed 72320K, reserved 1114112K
  class space    used 7897K, committed 8256K, reserved 1048576K
}
Event: 60.645 GC heap before
{Heap before GC invocations=48 (full 0):
 garbage-first heap   total 266240K, used 222209K [0x0000000082400000, 0x0000000100000000)
  region size 1024K, 69 young (70656K), 7 survivors (7168K)
 Metaspace       used 71761K, committed 72576K, reserved 1114112K
  class space    used 7901K, committed 8320K, reserved 1048576K
}
Event: 60.668 GC heap after
{Heap after GC invocations=49 (full 0):
 garbage-first heap   total 266240K, used 164156K [0x0000000082400000, 0x0000000100000000)
  region size 1024K, 7 young (7168K), 7 survivors (7168K)
 Metaspace       used 71761K, committed 72576K, reserved 1114112K
  class space    used 7901K, committed 8320K, reserved 1048576K
}

Dll operation events (3 events):
Event: 0.011 Loaded shared library C:\Program Files\Android\Android Studio\jbr\bin\java.dll
Event: 0.022 Loaded shared library C:\Program Files\Android\Android Studio\jbr\bin\zip.dll
Event: 3.263 Loaded shared library C:\Program Files\Android\Android Studio\jbr\bin\verify.dll

Deoptimization events (20 events):
Event: 61.814 Thread 0x000001a8074191b0 Uncommon trap: trap_request=0xffffffde fr.pc=0x000001a81221eba4 relative=0x00000000000001c4
Event: 61.814 Thread 0x000001a8074191b0 Uncommon trap: reason=class_check action=maybe_recompile pc=0x000001a81221eba4 method=org.jetbrains.kotlin.com.intellij.lexer.FlexAdapter.locateToken()V @ 29 c2
Event: 61.814 Thread 0x000001a8074191b0 DEOPT PACKING pc=0x000001a81221eba4 sp=0x0000009d348f96b0
Event: 61.814 Thread 0x000001a8074191b0 DEOPT UNPACKING pc=0x000001a811b046a2 sp=0x0000009d348f9610 mode 2
Event: 61.814 Thread 0x000001a8074191b0 Uncommon trap: trap_request=0xffffffde fr.pc=0x000001a812200590 relative=0x00000000000001b0
Event: 61.814 Thread 0x000001a8074191b0 Uncommon trap: reason=class_check action=maybe_recompile pc=0x000001a812200590 method=org.jetbrains.kotlin.com.intellij.lexer.FlexAdapter.locateToken()V @ 29 c2
Event: 61.814 Thread 0x000001a8074191b0 DEOPT PACKING pc=0x000001a812200590 sp=0x0000009d348f95e0
Event: 61.814 Thread 0x000001a8074191b0 DEOPT UNPACKING pc=0x000001a811b046a2 sp=0x0000009d348f9590 mode 2
Event: 61.815 Thread 0x000001a8074191b0 Uncommon trap: trap_request=0xffffffde fr.pc=0x000001a81221f424 relative=0x00000000000001c4
Event: 61.815 Thread 0x000001a8074191b0 Uncommon trap: reason=class_check action=maybe_recompile pc=0x000001a81221f424 method=org.jetbrains.kotlin.com.intellij.lexer.FlexAdapter.locateToken()V @ 29 c2
Event: 61.815 Thread 0x000001a8074191b0 DEOPT PACKING pc=0x000001a81221f424 sp=0x0000009d348f96b0
Event: 61.815 Thread 0x000001a8074191b0 DEOPT UNPACKING pc=0x000001a811b046a2 sp=0x0000009d348f9610 mode 2
Event: 61.836 Thread 0x000001a8074191b0 Uncommon trap: trap_request=0xffffff45 fr.pc=0x000001a81238745c relative=0x000000000000023c
Event: 61.836 Thread 0x000001a8074191b0 Uncommon trap: reason=unstable_if action=reinterpret pc=0x000001a81238745c method=org.jetbrains.kotlin.parsing.KotlinParserDefinition.createElement(Lorg/jetbrains/kotlin/com/intellij/lang/ASTNode;)Lorg/jetbrains/kotlin/com/intellij/psi/PsiElement; @ 104 c
Event: 61.836 Thread 0x000001a8074191b0 DEOPT PACKING pc=0x000001a81238745c sp=0x0000009d348f9e20
Event: 61.836 Thread 0x000001a8074191b0 DEOPT UNPACKING pc=0x000001a811b046a2 sp=0x0000009d348f9da0 mode 2
Event: 62.649 Thread 0x000001a8074191b0 Uncommon trap: trap_request=0xffffffde fr.pc=0x000001a8127dc7e8 relative=0x0000000000000408
Event: 62.649 Thread 0x000001a8074191b0 Uncommon trap: reason=class_check action=maybe_recompile pc=0x000001a8127dc7e8 method=org.jetbrains.kotlin.resolve.calls.checkers.SelfCallInNestedObjectConstructorChecker.check(Lorg/jetbrains/kotlin/resolve/calls/model/ResolvedCall;Lorg/jetbrains/kotlin/c
Event: 62.649 Thread 0x000001a8074191b0 DEOPT PACKING pc=0x000001a8127dc7e8 sp=0x0000009d348fb530
Event: 62.649 Thread 0x000001a8074191b0 DEOPT UNPACKING pc=0x000001a811b046a2 sp=0x0000009d348fb490 mode 2

Classes loaded (20 events):
Event: 21.188 Loading class java/util/regex/Pattern$NotBehind
Event: 21.188 Loading class java/util/regex/Pattern$NotBehind done
Event: 23.753 Loading class jdk/internal/math/FloatingDecimal
Event: 23.754 Loading class jdk/internal/math/FloatingDecimal done
Event: 23.755 Loading class jdk/internal/math/FloatingDecimal$ExceptionalBinaryToASCIIBuffer
Event: 23.755 Loading class jdk/internal/math/FloatingDecimal$BinaryToASCIIConverter
Event: 23.755 Loading class jdk/internal/math/FloatingDecimal$BinaryToASCIIConverter done
Event: 23.755 Loading class jdk/internal/math/FloatingDecimal$ExceptionalBinaryToASCIIBuffer done
Event: 23.755 Loading class jdk/internal/math/FloatingDecimal$BinaryToASCIIBuffer
Event: 23.755 Loading class jdk/internal/math/FloatingDecimal$BinaryToASCIIBuffer done
Event: 23.755 Loading class jdk/internal/math/FloatingDecimal$1
Event: 23.756 Loading class jdk/internal/math/FloatingDecimal$1 done
Event: 23.756 Loading class jdk/internal/math/FloatingDecimal$PreparedASCIIToBinaryBuffer
Event: 23.756 Loading class jdk/internal/math/FloatingDecimal$ASCIIToBinaryConverter
Event: 23.756 Loading class jdk/internal/math/FloatingDecimal$ASCIIToBinaryConverter done
Event: 23.756 Loading class jdk/internal/math/FloatingDecimal$PreparedASCIIToBinaryBuffer done
Event: 23.756 Loading class jdk/internal/math/FloatingDecimal$ASCIIToBinaryBuffer
Event: 23.757 Loading class jdk/internal/math/FloatingDecimal$ASCIIToBinaryBuffer done
Event: 24.914 Loading class java/util/Collections$CopiesList
Event: 24.915 Loading class java/util/Collections$CopiesList done

Classes unloaded (0 events):
No events

Classes redefined (0 events):
No events

Internal exceptions (20 events):
Event: 17.585 Thread 0x000001a8074191b0 Exception <a 'java/lang/NoSuchMethodError'{0x00000000881e2370}: 'java.lang.Object java.lang.invoke.Invokers$Holder.linkToTargetMethod(java.lang.Object, java.lang.Object, java.lang.Object, int, java.lang.Object)'> (0x00000000881e2370) 
thrown [s\src\hotspot\share\interpreter\linkResolver.cpp, line 784]
Event: 19.407 Thread 0x000001a8074191b0 Exception <a 'java/lang/NoSuchMethodError'{0x000000008746b090}: 'java.lang.Object java.lang.invoke.DirectMethodHandle$Holder.invokeSpecial(java.lang.Object, java.lang.Object, java.lang.Object, java.lang.Object, java.lang.Object, java.lang.Object, int)'> (0x000000008746b090) 
thrown [s\src\hotspot\share\interpreter\linkResolver.cpp, line 784]
Event: 21.274 Thread 0x000001a8074191b0 Exception <a 'java/lang/NoSuchMethodError'{0x000000008a142a10}: 'java.lang.Object java.lang.invoke.DirectMethodHandle$Holder.newInvokeSpecial(java.lang.Object, int, java.lang.Object)'> (0x000000008a142a10) 
thrown [s\src\hotspot\share\interpreter\linkResolver.cpp, line 784]
Event: 21.516 Thread 0x000001a8074191b0 Implicit null exception at 0x000001a8124980d5 to 0x000001a8124983d4
Event: 23.467 Thread 0x000001a8074191b0 Exception <a 'java/lang/IncompatibleClassChangeError'{0x000000008ba8eac8}: Found class java.lang.Object, but interface was expected> (0x000000008ba8eac8) 
thrown [s\src\hotspot\share\interpreter\linkResolver.cpp, line 851]
Event: 26.425 Thread 0x000001a8074191b0 Implicit null exception at 0x000001a8125200c9 to 0x000001a812520169
Event: 27.380 Thread 0x000001a8074191b0 Implicit null exception at 0x000001a81260a900 to 0x000001a81260b270
Event: 27.465 Thread 0x000001a8074191b0 Exception <a 'java/lang/NoSuchMethodError'{0x0000000089c81c90}: 'java.lang.Object java.lang.invoke.DirectMethodHandle$Holder.newInvokeSpecial(java.lang.Object, int, java.lang.Object, java.lang.Object)'> (0x0000000089c81c90) 
thrown [s\src\hotspot\share\interpreter\linkResolver.cpp, line 784]
Event: 30.393 Thread 0x000001a8074191b0 Implicit null exception at 0x000001a812781c60 to 0x000001a812781df8
Event: 39.162 Thread 0x000001a8074191b0 Implicit null exception at 0x000001a812745900 to 0x000001a81274cbd8
Event: 42.314 Thread 0x000001a8074191b0 Implicit null exception at 0x000001a812abda40 to 0x000001a812ac4308
Event: 45.710 Thread 0x000001a8074191b0 Implicit null exception at 0x000001a812b1d2d1 to 0x000001a812b1f10c
Event: 49.214 Thread 0x000001a8074191b0 Implicit null exception at 0x000001a812af3491 to 0x000001a812af93cc
Event: 49.238 Thread 0x000001a8074191b0 Implicit null exception at 0x000001a812b2d431 to 0x000001a812b32b44
Event: 50.333 Thread 0x000001a8074191b0 Implicit null exception at 0x000001a812bdfe80 to 0x000001a812be3d54
Event: 50.339 Thread 0x000001a8074191b0 Implicit null exception at 0x000001a8128b7a74 to 0x000001a8128b845c
Event: 50.383 Thread 0x000001a8074191b0 Implicit null exception at 0x000001a812828ba5 to 0x000001a812829354
Event: 59.075 Thread 0x000001a8074191b0 Implicit null exception at 0x000001a812cd1ba4 to 0x000001a812cd6e60
Event: 59.840 Thread 0x000001a8074191b0 Implicit null exception at 0x000001a8127cf10f to 0x000001a8127cf408
Event: 59.841 Thread 0x000001a8074191b0 Implicit null exception at 0x000001a8125bff0a to 0x000001a8125c022c

ZGC Phase Switch (0 events):
No events

VM Operations (20 events):
Event: 59.000 Executing VM operation: G1PauseRemark
Event: 59.034 Executing VM operation: G1PauseRemark done
Event: 59.209 Executing VM operation: G1PauseCleanup
Event: 59.210 Executing VM operation: G1PauseCleanup done
Event: 59.681 Executing VM operation: ICBufferFull
Event: 59.681 Executing VM operation: ICBufferFull done
Event: 60.231 Executing VM operation: HandshakeAllThreads (HandshakeForDeflation)
Event: 60.231 Executing VM operation: HandshakeAllThreads (HandshakeForDeflation) done
Event: 60.231 Executing VM operation: RendezvousGCThreads
Event: 60.231 Executing VM operation: RendezvousGCThreads done
Event: 60.324 Executing VM operation: ICBufferFull
Event: 60.324 Executing VM operation: ICBufferFull done
Event: 60.644 Executing VM operation: G1CollectForAllocation (G1 Evacuation Pause)
Event: 60.668 Executing VM operation: G1CollectForAllocation (G1 Evacuation Pause) done
Event: 61.484 Executing VM operation: ICBufferFull
Event: 61.484 Executing VM operation: ICBufferFull done
Event: 61.797 Executing VM operation: HandshakeAllThreads (Deoptimize)
Event: 61.797 Executing VM operation: HandshakeAllThreads (Deoptimize) done
Event: 61.807 Executing VM operation: HandshakeAllThreads (Deoptimize)
Event: 61.807 Executing VM operation: HandshakeAllThreads (Deoptimize) done

Memory protections (0 events):
No events

Nmethod flushes (20 events):
Event: 59.031 Thread 0x000001a81ea54ec0 flushing  nmethod 0x000001a80bc24f10
Event: 59.031 Thread 0x000001a81ea54ec0 flushing  nmethod 0x000001a80bc95d10
Event: 59.031 Thread 0x000001a81ea54ec0 flushing  nmethod 0x000001a80bdac010
Event: 59.031 Thread 0x000001a81ea54ec0 flushing  nmethod 0x000001a80be3b090
Event: 59.031 Thread 0x000001a81ea54ec0 flushing  nmethod 0x000001a80be3e310
Event: 59.031 Thread 0x000001a81ea54ec0 flushing  nmethod 0x000001a80be52010
Event: 59.031 Thread 0x000001a81ea54ec0 flushing  nmethod 0x000001a80bf0fa10
Event: 59.031 Thread 0x000001a81ea54ec0 flushing  nmethod 0x000001a80bf17c90
Event: 59.031 Thread 0x000001a81ea54ec0 flushing  nmethod 0x000001a80bf1b110
Event: 59.031 Thread 0x000001a81ea54ec0 flushing  nmethod 0x000001a80bf1c490
Event: 59.031 Thread 0x000001a81ea54ec0 flushing  nmethod 0x000001a80c1a4890
Event: 59.031 Thread 0x000001a81ea54ec0 flushing  nmethod 0x000001a80c1f5f90
Event: 59.031 Thread 0x000001a81ea54ec0 flushing  nmethod 0x000001a80c1ff610
Event: 59.031 Thread 0x000001a81ea54ec0 flushing  nmethod 0x000001a80c202c90
Event: 59.031 Thread 0x000001a81ea54ec0 flushing  nmethod 0x000001a80c211290
Event: 59.031 Thread 0x000001a81ea54ec0 flushing  nmethod 0x000001a80c2b7310
Event: 59.031 Thread 0x000001a81ea54ec0 flushing  nmethod 0x000001a80c701510
Event: 59.031 Thread 0x000001a81ea54ec0 flushing  nmethod 0x000001a80c83ef10
Event: 59.031 Thread 0x000001a81ea54ec0 flushing  nmethod 0x000001a80c8d7190
Event: 59.031 Thread 0x000001a81ea54ec0 flushing  nmethod 0x000001a80c8ecc90

Events (20 events):
Event: 0.255 Thread 0x000001a81ec37f20 Thread added: 0x000001a81ee52cd0
Event: 0.277 Loaded shared library C:\Program Files\Android\Android Studio\jbr\bin\zip.dll
Event: 0.332 Loaded shared library C:\Program Files\Android\Android Studio\jbr\bin\jimage.dll
Event: 0.640 Thread 0x000001a81ee52cd0 Thread exited: 0x000001a81ee52cd0
Event: 3.281 Thread 0x000001a81ec41f70 Thread added: 0x000001a824481920
Event: 4.327 Thread 0x000001a81ec37f20 Thread added: 0x000001a824820630
Event: 5.160 Thread 0x000001a824820630 Thread exited: 0x000001a824820630
Event: 5.160 Thread 0x000001a824481920 Thread exited: 0x000001a824481920
Event: 5.590 Thread 0x000001a81ec41f70 Thread added: 0x000001a8244c7ea0
Event: 6.023 Thread 0x000001a8244c7ea0 Thread exited: 0x000001a8244c7ea0
Event: 6.938 Thread 0x000001a81ec41f70 Thread added: 0x000001a82445dfb0
Event: 15.301 Thread 0x000001a82445dfb0 Thread exited: 0x000001a82445dfb0
Event: 16.162 Thread 0x000001a81ec41f70 Thread added: 0x000001a826af67b0
Event: 16.685 Thread 0x000001a826af67b0 Thread exited: 0x000001a826af67b0
Event: 18.860 Thread 0x000001a81ec41f70 Thread added: 0x000001a8249a07a0
Event: 19.688 Thread 0x000001a8249a07a0 Thread exited: 0x000001a8249a07a0
Event: 19.904 Thread 0x000001a81ec41f70 Thread added: 0x000001a826cf3550
Event: 48.350 Thread 0x000001a826cf3550 Thread exited: 0x000001a826cf3550
Event: 53.179 Thread 0x000001a81ec37f20 Thread added: 0x000001a826cf3550
Event: 53.437 Thread 0x000001a826cf3550 Thread exited: 0x000001a826cf3550


Dynamic libraries:
0x00007ff6c8930000 - 0x00007ff6c893a000 	C:\Program Files\Android\Android Studio\jbr\bin\java.exe
0x00007ffc8f410000 - 0x00007ffc8f608000 	C:\Windows\SYSTEM32\ntdll.dll
0x00007ffc8f300000 - 0x00007ffc8f3c2000 	C:\Windows\System32\KERNEL32.DLL
0x00007ffc8caa0000 - 0x00007ffc8cd96000 	C:\Windows\System32\KERNELBASE.dll
0x00007ffc8cda0000 - 0x00007ffc8cea0000 	C:\Windows\System32\ucrtbase.dll
0x00007ffc77480000 - 0x00007ffc7749b000 	C:\Program Files\Android\Android Studio\jbr\bin\VCRUNTIME140.dll
0x00007ffc77ea0000 - 0x00007ffc77eb8000 	C:\Program Files\Android\Android Studio\jbr\bin\jli.dll
0x00007ffc8e790000 - 0x00007ffc8e931000 	C:\Windows\System32\USER32.dll
0x00007ffc8d180000 - 0x00007ffc8d1a2000 	C:\Windows\System32\win32u.dll
0x00007ffc76970000 - 0x00007ffc76c0b000 	C:\Windows\WinSxS\amd64_microsoft.windows.common-controls_6595b64144ccf1df_6.0.19041.6456_none_60b8a6cb71f64256\COMCTL32.dll
0x00007ffc8d890000 - 0x00007ffc8d8bb000 	C:\Windows\System32\GDI32.dll
0x00007ffc8d7f0000 - 0x00007ffc8d88e000 	C:\Windows\System32\msvcrt.dll
0x00007ffc8d1b0000 - 0x00007ffc8d2c9000 	C:\Windows\System32\gdi32full.dll
0x00007ffc8cfd0000 - 0x00007ffc8d06d000 	C:\Windows\System32\msvcp_win.dll
0x00007ffc8e250000 - 0x00007ffc8e27f000 	C:\Windows\System32\IMM32.DLL
0x00007ffc835f0000 - 0x00007ffc835fc000 	C:\Program Files\Android\Android Studio\jbr\bin\vcruntime140_1.dll
0x00007ffc58680000 - 0x00007ffc5870d000 	C:\Program Files\Android\Android Studio\jbr\bin\msvcp140.dll
0x00007ffc31e90000 - 0x00007ffc32b1e000 	C:\Program Files\Android\Android Studio\jbr\bin\server\jvm.dll
0x00007ffc8d990000 - 0x00007ffc8da41000 	C:\Windows\System32\ADVAPI32.dll
0x00007ffc8d490000 - 0x00007ffc8d52f000 	C:\Windows\System32\sechost.dll
0x00007ffc8e940000 - 0x00007ffc8ea60000 	C:\Windows\System32\RPCRT4.dll
0x00007ffc8cf50000 - 0x00007ffc8cf77000 	C:\Windows\System32\bcrypt.dll
0x00007ffc8d770000 - 0x00007ffc8d7db000 	C:\Windows\System32\WS2_32.dll
0x00007ffc8c900000 - 0x00007ffc8c94b000 	C:\Windows\SYSTEM32\POWRPROF.dll
0x00007ffc83370000 - 0x00007ffc8337a000 	C:\Windows\SYSTEM32\VERSION.dll
0x00007ffc76720000 - 0x00007ffc76747000 	C:\Windows\SYSTEM32\WINMM.dll
0x00007ffc8c8e0000 - 0x00007ffc8c8f2000 	C:\Windows\SYSTEM32\UMPDC.dll
0x00007ffc8b270000 - 0x00007ffc8b282000 	C:\Windows\SYSTEM32\kernel.appcore.dll
0x00007ffc7ed20000 - 0x00007ffc7ed2a000 	C:\Program Files\Android\Android Studio\jbr\bin\jimage.dll
0x00007ffc8a090000 - 0x00007ffc8a291000 	C:\Windows\SYSTEM32\DBGHELP.DLL
0x00007ffc644e0000 - 0x00007ffc64514000 	C:\Windows\SYSTEM32\dbgcore.DLL
0x00007ffc8d070000 - 0x00007ffc8d0f2000 	C:\Windows\System32\bcryptPrimitives.dll
0x00007ffc70780000 - 0x00007ffc707a0000 	C:\Program Files\Android\Android Studio\jbr\bin\java.dll
0x00007ffc6d3b0000 - 0x00007ffc6d3c8000 	C:\Program Files\Android\Android Studio\jbr\bin\zip.dll
0x00007ffc8eb80000 - 0x00007ffc8f2f0000 	C:\Windows\System32\SHELL32.dll
0x00007ffc8aab0000 - 0x00007ffc8b255000 	C:\Windows\SYSTEM32\windows.storage.dll
0x00007ffc8e430000 - 0x00007ffc8e784000 	C:\Windows\System32\combase.dll
0x00007ffc8c300000 - 0x00007ffc8c32b000 	C:\Windows\SYSTEM32\Wldp.dll
0x00007ffc8d8c0000 - 0x00007ffc8d98d000 	C:\Windows\System32\OLEAUT32.dll
0x00007ffc8d530000 - 0x00007ffc8d5dd000 	C:\Windows\System32\SHCORE.dll
0x00007ffc8eac0000 - 0x00007ffc8eb1b000 	C:\Windows\System32\shlwapi.dll
0x00007ffc8c9d0000 - 0x00007ffc8c9f4000 	C:\Windows\SYSTEM32\profapi.dll
0x00007ffc7dd90000 - 0x00007ffc7dda0000 	C:\Program Files\Android\Android Studio\jbr\bin\net.dll
0x00007ffc82ee0000 - 0x00007ffc82fea000 	C:\Windows\SYSTEM32\WINHTTP.dll
0x00007ffc8c0f0000 - 0x00007ffc8c15a000 	C:\Windows\system32\mswsock.dll
0x00007ffc64810000 - 0x00007ffc64826000 	C:\Program Files\Android\Android Studio\jbr\bin\nio.dll
0x00007ffc76c10000 - 0x00007ffc76c20000 	C:\Program Files\Android\Android Studio\jbr\bin\verify.dll

dbghelp: loaded successfully - version: 4.0.5 - missing functions: none
symbol engine: initialized successfully - sym options: 0x614 - pdb path: .;C:\Program Files\Android\Android Studio\jbr\bin;C:\Windows\SYSTEM32;C:\Windows\WinSxS\amd64_microsoft.windows.common-controls_6595b64144ccf1df_6.0.19041.6456_none_60b8a6cb71f64256;C:\Program Files\Android\Android Studio\jbr\bin\server

VM Arguments:
java_command: org.jetbrains.kotlin.cli.jvm.K2JVMCompiler @C:\Android_Apps\Jetpackdemo\app\build\20260225_13902929130885480059.compiler.options
java_class_path (initial): C:\Users\DELL\.gradle\caches\modules-2\files-2.1\org.jetbrains.kotlin\kotlin-compiler-embeddable\1.9.0\2c8c3a7402becca891f12739b3e9fd2dc2adbd7a\kotlin-compiler-embeddable-1.9.0.jar;C:\Users\DELL\.gradle\caches\modules-2\files-2.1\org.jetbrains.kotlin\kotlin-stdlib\1.9.0\8ee15ef0c67dc83d874f412d84378d7f0eb50b63\kotlin-stdlib-1.9.0.jar;C:\Users\DELL\.gradle\caches\modules-2\files-2.1\org.jetbrains.kotlin\kotlin-script-runtime\1.9.0\4b3102cbbb7e1b58d9d1adf89563f00069ffa7d1\kotlin-script-runtime-1.9.0.jar;C:\Users\DELL\.gradle\caches\modules-2\files-2.1\org.jetbrains.kotlin\kotlin-reflect\1.6.10\1cbe9c92c12a94eea200d23c2bbaedaf3daf5132\kotlin-reflect-1.6.10.jar;C:\Users\DELL\.gradle\caches\modules-2\files-2.1\org.jetbrains.kotlin\kotlin-daemon-embeddable\1.9.0\186543f5e28cf8d9a0290fecc2cf34301c40a65c\kotlin-daemon-embeddable-1.9.0.jar;C:\Users\DELL\.gradle\caches\modules-2\files-2.1\org.jetbrains.intellij.deps\trove4j\1.0.20200330\3afb14d5f9ceb459d724e907a21145e8ff394f02\trove4j-1.0.20200330.jar;C:\Users\DELL\.gradle\caches\modules-2\files-2.1\org.jetbrains.kotlin\kotlin-stdlib-common\1.9.0\cd65c21cfd1eec4d44ef09f9f52b6d9f8a720636\kotlin-stdlib-common-1.9.0.jar;C:\Users\DELL\.gradle\caches\modules-2\files-2.1\org.jetbrains\annotations\13.0\919f0dfe192fb4e063e7dacadee7f8bb9a2672a9\annotations-13.0.jar
Launcher Type: SUN_STANDARD

[Global flags]
     intx CICompilerCount                          = 4                                         {product} {ergonomic}
     uint ConcGCThreads                            = 2                                         {product} {ergonomic}
     uint G1ConcRefinementThreads                  = 8                                         {product} {ergonomic}
   size_t G1HeapRegionSize                         = 1048576                                   {product} {ergonomic}
    uintx GCDrainStackTargetSize                   = 64                                        {product} {ergonomic}
   size_t InitialHeapSize                          = 132120576                                 {product} {ergonomic}
   size_t MarkStackSize                            = 4194304                                   {product} {ergonomic}
   size_t MaxHeapSize                              = 2109734912                                {product} {ergonomic}
   size_t MaxNewSize                               = 1265631232                                {product} {ergonomic}
   size_t MinHeapDeltaBytes                        = 1048576                                   {product} {ergonomic}
   size_t MinHeapSize                              = 8388608                                   {product} {ergonomic}
    uintx NonNMethodCodeHeapSize                   = 5839372                                {pd product} {ergonomic}
    uintx NonProfiledCodeHeapSize                  = 122909434                              {pd product} {ergonomic}
    uintx ProfiledCodeHeapSize                     = 122909434                              {pd product} {ergonomic}
    uintx ReservedCodeCacheSize                    = 251658240                              {pd product} {ergonomic}
     bool SegmentedCodeCache                       = true                                      {product} {ergonomic}
   size_t SoftMaxHeapSize                          = 2109734912                             {manageable} {ergonomic}
     bool UseCompressedOops                        = true                           {product lp64_product} {ergonomic}
     bool UseG1GC                                  = true                                      {product} {ergonomic}
     bool UseLargePagesIndividualAllocation        = false                                  {pd product} {ergonomic}

Logging:
Log output configuration:
 #0: stdout all=warning uptime,level,tags foldmultilines=false
 #1: stderr all=off uptime,level,tags foldmultilines=false

Environment Variables:
JAVA_HOME=C:\Program Files\Eclipse Adoptium\jdk-17.0.18.8-hotspot\
PATH=C:\Program Files\Eclipse Adoptium\jdk-17.0.18.8-hotspot\bin;C:\Windows\system32;C:\Windows;C:\Windows\System32\Wbem;C:\Windows\System32\WindowsPowerShell\v1.0\;C:\Windows\System32\OpenSSH\;C:\Program Files\Git\cmd;C:\Program Files\nodejs\;C:\ngrok;D:\PostgreSQL\bin;C:\Users\DELL\AppData\Roaming\Python\Python313\Scripts;C:\xampp\php;C:\ProgramData\ComposerSetup\bin;C:\Users\DELL\.local\bin;D:\cursor\resources\app\bin;C:\Program Files\Docker\Docker\resources\bin;C:\Program Files\Microsoft SQL Server\170\Tools\Binn\;C:\Program Files\Microsoft SQL Server\Client SDK\ODBC\170\Tools\Binn\;C:\Program Files\dotnet\;D:\flutter\bin;D:\Android\sdk\platform-tools;D:\Android\sdk\cmdline-tools\latest\bin;C:\Users\DELL\AppData\Local\Programs\Python\Python311\Scripts\;C:\Users\DELL\AppData\Local\Programs\Python\Python311\;C:\Users\DELL\AppData\Local\Programs\Python\Python313\Scripts\;C:\Users\DELL\AppData\Local\Programs\Python\Python313\;C:\Users\DELL\AppData\Local\Programs\Python\Launcher\;C:\Users\DELL\AppData\Local\Microsoft\WindowsApps;C:\Users\DELL\AppData\Local\Programs\Microsoft VS Code\bin;C:\Users\DELL\AppData\Roaming\npm;C:\Users\DELL\AppData\Roaming\Composer\vendor\bin;D:\Antigravity\bin;C:\Users\DELL\.dotnet\tools
USERNAME=DELL
OS=Windows_NT
PROCESSOR_IDENTIFIER=Intel64 Family 6 Model 142 Stepping 10, GenuineIntel
TMP=C:\Users\DELL\AppData\Local\Temp
TEMP=C:\Users\DELL\AppData\Local\Temp




Periodic native trim disabled

JNI global refs:
JNI global refs: 11, weak refs: 11

JNI global refs memory usage: 835, weak refs: 833

Process memory usage:
Resident Set Size: 410056K (4% of 8239396K total physical memory with 335600K free physical memory)

OOME stack traces (most recent first):
Classloader memory used:
Loader jdk.internal.loader.ClassLoaders$AppClassLoader                                 : 58075K
Loader bootstrap                                                                       : 12984K
Loader java.net.URLClassLoader                                                         : 877K

---------------  S Y S T E M  ---------------

OS:
 Windows 10 , 64 bit Build 19041 (10.0.19041.5915)
OS uptime: 0 days 21:34 hours
Hyper-V role detected

CPU: total 8 (initial active 8) (4 cores per cpu, 2 threads per core) family 6 model 142 stepping 10 microcode 0xea, cx8, cmov, fxsr, ht, mmx, 3dnowpref, sse, sse2, sse3, ssse3, sse4.1, sse4.2, popcnt, lzcnt, tsc, tscinvbit, avx, avx2, aes, erms, clmul, bmi1, bmi2, rtm, adx, fma, vzeroupper, clflush, clflushopt, hv, rdtscp, f16c
Processor Information for the first 8 processors :
  Max Mhz: 1896, Current Mhz: 1696, Mhz Limit: 1687

Memory: 4k page, system-wide physical 8046M (486M free)
TotalPageFile size 22530M (AvailPageFile size 213M)
current process WorkingSet (physical memory assigned to process): 405M, peak: 435M
current process commit charge ("private bytes"): 532M, peak: 544M

vm_info: OpenJDK 64-Bit Server VM (21.0.7+-13880790-b1038.58) for windows-amd64 JRE (21.0.7+-13880790-b1038.58), built on 2025-08-04T20:56:21Z by "builder" with MS VC++ 16.10 / 16.11 (VS2019)

END.
